{"meta": {"format": 3, "version": "7.11.3", "timestamp": "2025-11-23T23:22:25.536356", "branch_coverage": false, "show_contexts": false}, "files": {"app/__init__.py": {"executed_lines": [0], "summary": {"covered_lines": 0, "num_statements": 0, "percent_covered": 100.0, "percent_covered_display": "100", "missing_lines": 0, "excluded_lines": 0}, "missing_lines": [], "excluded_lines": [], "functions": {"": {"executed_lines": [], "summary": {"covered_lines": 0, "num_statements": 0, "percent_covered": 100.0, "percent_covered_display": "100", "missing_lines": 0, "excluded_lines": 0}, "missing_lines": [], "excluded_lines": []}}, "classes": {"": {"executed_lines": [], "summary": {"covered_lines": 0, "num_statements": 0, "percent_covered": 100.0, "percent_covered_display": "100", "missing_lines": 0, "excluded_lines": 0}, "missing_lines": [], "excluded_lines": []}}}, "app/adapters/inbound/http/schemas/__init__.py": {"executed_lines": [1, 8, 16, 25, 34, 44, 51], "summary": {"covered_lines": 6, "num_statements": 6, "percent_covered": 100.0, "percent_covered_display": "100", "missing_lines": 0, "excluded_lines": 0}, "missing_lines": [], "excluded_lines": [], "functions": {"": {"executed_lines": [1, 8, 16, 25, 34, 44, 51], "summary": {"covered_lines": 6, "num_statements": 6, "percent_covered": 100.0, "percent_covered_display": "100", "missing_lines": 0, "excluded_lines": 0}, "missing_lines": [], "excluded_lines": []}}, "classes": {"": {"executed_lines": [1, 8, 16, 25, 34, 44, 51], "summary": {"covered_lines": 6, "num_statements": 6, "percent_covered": 100.0, "percent_covered_display": "100", "missing_lines": 0, "excluded_lines": 0}, "missing_lines": [], "excluded_lines": []}}}, "app/adapters/inbound/http/schemas/common_schemas.py": {"executed_lines": [1, 7, 8, 11, 12, 13, 14, 15, 16, 17, 18, 19, 20, 21, 24, 25, 26, 27, 30, 31, 32, 33, 36, 37, 38, 39], "summary": {"covered_lines": 21, "num_statements": 21, "percent_covered": 100.0, "percent_covered_display": "100", "missing_lines": 0, "excluded_lines": 0}, "missing_lines": [], "excluded_lines": [], "functions": {"": {"executed_lines": [1, 7, 8, 11, 12, 13, 14, 15, 16, 17, 18, 19, 20, 21, 24, 25, 26, 27, 30, 31, 32, 33, 36, 37, 38, 39], "summary": {"covered_lines": 21, "num_statements": 21, "percent_covered": 100.0, "percent_covered_display": "100", "missing_lines": 0, "excluded_lines": 0}, "missing_lines": [], "excluded_lines": []}}, "classes": {"CorEnum": {"executed_lines": [], "summary": {"covered_lines": 0, "num_statements": 0, "percent_covered": 100.0, "percent_covered_display": "100", "missing_lines": 0, "excluded_lines": 0}, "missing_lines": [], "excluded_lines": []}, "CartaVagaoResponse": {"executed_lines": [], "summary": {"covered_lines": 0, "num_statements": 0, "percent_covered": 100.0, "percent_covered_display": "100", "missing_lines": 0, "excluded_lines": 0}, "missing_lines": [], "excluded_lines": []}, "ErrorResponse": {"executed_lines": [], "summary": {"covered_lines": 0, "num_statements": 0, "percent_covered": 100.0, "percent_covered_display": "100", "missing_lines": 0, "excluded_lines": 0}, "missing_lines": [], "excluded_lines": []}, "SuccessResponse": {"executed_lines": [], "summary": {"covered_lines": 0, "num_statements": 0, "percent_covered": 100.0, "percent_covered_display": "100", "missing_lines": 0, "excluded_lines": 0}, "missing_lines": [], "excluded_lines": []}, "": {"executed_lines": [1, 7, 8, 11, 12, 13, 14, 15, 16, 17, 18, 19, 20, 21, 24, 25, 26, 27, 30, 31, 32, 33, 36, 37, 38, 39], "summary": {"covered_lines": 21, "num_statements": 21, "percent_covered": 100.0, "percent_covered_display": "100", "missing_lines": 0, "excluded_lines": 0}, "missing_lines": [], "excluded_lines": []}}}, "app/adapters/inbound/http/schemas/game_schemas.py": {"executed_lines": [1, 7, 8, 9, 10, 13, 14, 15, 16, 23, 37, 38, 50, 51, 52, 53, 54, 55, 56, 58, 70, 71, 72, 73, 74, 77, 78, 79, 80, 83, 84, 85, 86, 87, 88, 89, 90, 91, 93], "summary": {"covered_lines": 33, "num_statements": 40, "percent_covered": 82.5, "percent_covered_display": "82", "missing_lines": 7, "excluded_lines": 0}, "missing_lines": [39, 41, 42, 43, 44, 45, 47], "excluded_lines": [], "functions": {"CreateGameRequest.validar_coerencia": {"executed_lines": [], "summary": {"covered_lines": 0, "num_statements": 7, "percent_covered": 0.0, "percent_covered_display": "0", "missing_lines": 7, "excluded_lines": 0}, "missing_lines": [39, 41, 42, 43, 44, 45, 47], "excluded_lines": []}, "": {"executed_lines": [1, 7, 8, 9, 10, 13, 14, 15, 16, 23, 37, 38, 50, 51, 52, 53, 54, 55, 56, 58, 70, 71, 72, 73, 74, 77, 78, 79, 80, 83, 84, 85, 86, 87, 88, 89, 90, 91, 93], "summary": {"covered_lines": 33, "num_statements": 33, "percent_covered": 100.0, "percent_covered_display": "100", "missing_lines": 0, "excluded_lines": 0}, "missing_lines": [], "excluded_lines": []}}, "classes": {"CreateGameRequest": {"executed_lines": [], "summary": {"covered_lines": 0, "num_statements": 7, "percent_covered": 0.0, "percent_covered_display": "0", "missing_lines": 7, "excluded_lines": 0}, "missing_lines": [39, 41, 42, 43, 44, 45, 47], "excluded_lines": []}, "GameResponse": {"executed_lines": [], "summary": {"covered_lines": 0, "num_statements": 0, "percent_covered": 100.0, "percent_covered_display": "100", "missing_lines": 0, "excluded_lines": 0}, "missing_lines": [], "excluded_lines": []}, "MaiorCaminhoLeaderResponse": {"executed_lines": [], "summary": {"covered_lines": 0, "num_statements": 0, "percent_covered": 100.0, "percent_covered_display": "100", "missing_lines": 0, "excluded_lines": 0}, "missing_lines": [], "excluded_lines": []}, "MaiorCaminhoStatusResponse": {"executed_lines": [], "summary": {"covered_lines": 0, "num_statements": 0, "percent_covered": 100.0, "percent_covered_display": "100", "missing_lines": 0, "excluded_lines": 0}, "missing_lines": [], "excluded_lines": []}, "GameStateResponse": {"executed_lines": [], "summary": {"covered_lines": 0, "num_statements": 0, "percent_covered": 100.0, "percent_covered_display": "100", "missing_lines": 0, "excluded_lines": 0}, "missing_lines": [], "excluded_lines": []}, "": {"executed_lines": [1, 7, 8, 9, 10, 13, 14, 15, 16, 23, 37, 38, 50, 51, 52, 53, 54, 55, 56, 58, 70, 71, 72, 73, 74, 77, 78, 79, 80, 83, 84, 85, 86, 87, 88, 89, 90, 91, 93], "summary": {"covered_lines": 33, "num_statements": 33, "percent_covered": 100.0, "percent_covered_display": "100", "missing_lines": 0, "excluded_lines": 0}, "missing_lines": [], "excluded_lines": []}}}, "app/adapters/inbound/http/schemas/player_schemas.py": {"executed_lines": [1, 7, 8, 11, 12, 13, 14, 16, 17, 23, 24, 28, 29, 30, 31, 32, 33, 34, 37, 38, 39, 40, 41, 44, 45, 46, 47, 49, 59, 60, 61, 62, 63, 64, 65], "summary": {"covered_lines": 29, "num_statements": 34, "percent_covered": 85.29411764705883, "percent_covered_display": "85", "missing_lines": 5, "excluded_lines": 0}, "missing_lines": [18, 19, 20, 21, 25], "excluded_lines": [], "functions": {"JogadorSetup.validar_nome": {"executed_lines": [], "summary": {"covered_lines": 0, "num_statements": 4, "percent_covered": 0.0, "percent_covered_display": "0", "missing_lines": 4, "excluded_lines": 0}, "missing_lines": [18, 19, 20, 21], "excluded_lines": []}, "JogadorSetup.normalizar_cor": {"executed_lines": [], "summary": {"covered_lines": 0, "num_statements": 1, "percent_covered": 0.0, "percent_covered_display": "0", "missing_lines": 1, "excluded_lines": 0}, "missing_lines": [25], "excluded_lines": []}, "": {"executed_lines": [1, 7, 8, 11, 12, 13, 14, 16, 17, 23, 24, 28, 29, 30, 31, 32, 33, 34, 37, 38, 39, 40, 41, 44, 45, 46, 47, 49, 59, 60, 61, 62, 63, 64, 65], "summary": {"covered_lines": 29, "num_statements": 29, "percent_covered": 100.0, "percent_covered_display": "100", "missing_lines": 0, "excluded_lines": 0}, "missing_lines": [], "excluded_lines": []}}, "classes": {"JogadorSetup": {"executed_lines": [], "summary": {"covered_lines": 0, "num_statements": 5, "percent_covered": 0.0, "percent_covered_display": "0", "missing_lines": 5, "excluded_lines": 0}, "missing_lines": [18, 19, 20, 21, 25], "excluded_lines": []}, "JogadorResponse": {"executed_lines": [], "summary": {"covered_lines": 0, "num_statements": 0, "percent_covered": 100.0, "percent_covered_display": "100", "missing_lines": 0, "excluded_lines": 0}, "missing_lines": [], "excluded_lines": []}, "MaoResponse": {"executed_lines": [], "summary": {"covered_lines": 0, "num_statements": 0, "percent_covered": 100.0, "percent_covered_display": "100", "missing_lines": 0, "excluded_lines": 0}, "missing_lines": [], "excluded_lines": []}, "ComprarCartaRequest": {"executed_lines": [], "summary": {"covered_lines": 0, "num_statements": 0, "percent_covered": 100.0, "percent_covered_display": "100", "missing_lines": 0, "excluded_lines": 0}, "missing_lines": [], "excluded_lines": []}, "ComprarCartaResponse": {"executed_lines": [], "summary": {"covered_lines": 0, "num_statements": 0, "percent_covered": 100.0, "percent_covered_display": "100", "missing_lines": 0, "excluded_lines": 0}, "missing_lines": [], "excluded_lines": []}, "": {"executed_lines": [1, 7, 8, 11, 12, 13, 14, 16, 17, 23, 24, 28, 29, 30, 31, 32, 33, 34, 37, 38, 39, 40, 41, 44, 45, 46, 47, 49, 59, 60, 61, 62, 63, 64, 65], "summary": {"covered_lines": 29, "num_statements": 29, "percent_covered": 100.0, "percent_covered_display": "100", "missing_lines": 0, "excluded_lines": 0}, "missing_lines": [], "excluded_lines": []}}}, "app/adapters/inbound/http/schemas/route_schemas.py": {"executed_lines": [1, 7, 8, 9, 12, 13, 14, 15, 16, 18, 29, 30, 31, 32, 33, 34, 35, 36, 39, 40, 41, 42, 43, 44, 45, 46, 47, 50, 51, 52, 53], "summary": {"covered_lines": 26, "num_statements": 26, "percent_covered": 100.0, "percent_covered_display": "100", "missing_lines": 0, "excluded_lines": 0}, "missing_lines": [], "excluded_lines": [], "functions": {"": {"executed_lines": [1, 7, 8, 9, 12, 13, 14, 15, 16, 18, 29, 30, 31, 32, 33, 34, 35, 36, 39, 40, 41, 42, 43, 44, 45, 46, 47, 50, 51, 52, 53], "summary": {"covered_lines": 26, "num_statements": 26, "percent_covered": 100.0, "percent_covered_display": "100", "missing_lines": 0, "excluded_lines": 0}, "missing_lines": [], "excluded_lines": []}}, "classes": {"ConquistarRotaRequest": {"executed_lines": [], "summary": {"covered_lines": 0, "num_statements": 0, "percent_covered": 100.0, "percent_covered_display": "100", "missing_lines": 0, "excluded_lines": 0}, "missing_lines": [], "excluded_lines": []}, "ConquistarRotaResponse": {"executed_lines": [], "summary": {"covered_lines": 0, "num_statements": 0, "percent_covered": 100.0, "percent_covered_display": "100", "missing_lines": 0, "excluded_lines": 0}, "missing_lines": [], "excluded_lines": []}, "RotaResponse": {"executed_lines": [], "summary": {"covered_lines": 0, "num_statements": 0, "percent_covered": 100.0, "percent_covered_display": "100", "missing_lines": 0, "excluded_lines": 0}, "missing_lines": [], "excluded_lines": []}, "RotaDisponibilidadeResponse": {"executed_lines": [], "summary": {"covered_lines": 0, "num_statements": 0, "percent_covered": 100.0, "percent_covered_display": "100", "missing_lines": 0, "excluded_lines": 0}, "missing_lines": [], "excluded_lines": []}, "": {"executed_lines": [1, 7, 8, 9, 12, 13, 14, 15, 16, 18, 29, 30, 31, 32, 33, 34, 35, 36, 39, 40, 41, 42, 43, 44, 45, 46, 47, 50, 51, 52, 53], "summary": {"covered_lines": 26, "num_statements": 26, "percent_covered": 100.0, "percent_covered_display": "100", "missing_lines": 0, "excluded_lines": 0}, "missing_lines": [], "excluded_lines": []}}}, "app/adapters/inbound/http/schemas/ticket_schemas.py": {"executed_lines": [1, 7, 8, 11, 12, 13, 14, 15, 16, 19, 20, 21, 22, 23, 24, 25, 28, 29, 30, 32, 33, 38, 39, 46, 47, 48, 49, 50, 51, 52, 55, 56, 57, 59, 68, 69, 70, 71, 72, 73, 74], "summary": {"covered_lines": 34, "num_statements": 41, "percent_covered": 82.92682926829268, "percent_covered_display": "83", "missing_lines": 7, "excluded_lines": 0}, "missing_lines": [34, 35, 36, 40, 41, 42, 43], "excluded_lines": [], "functions": {"EscolherBilhetesIniciaisRequest.normalizar_ids": {"executed_lines": [], "summary": {"covered_lines": 0, "num_statements": 3, "percent_covered": 0.0, "percent_covered_display": "0", "missing_lines": 3, "excluded_lines": 0}, "missing_lines": [34, 35, 36], "excluded_lines": []}, "EscolherBilhetesIniciaisRequest.validar_unicidade": {"executed_lines": [], "summary": {"covered_lines": 0, "num_statements": 4, "percent_covered": 0.0, "percent_covered_display": "0", "missing_lines": 4, "excluded_lines": 0}, "missing_lines": [40, 41, 42, 43], "excluded_lines": []}, "": {"executed_lines": [1, 7, 8, 11, 12, 13, 14, 15, 16, 19, 20, 21, 22, 23, 24, 25, 28, 29, 30, 32, 33, 38, 39, 46, 47, 48, 49, 50, 51, 52, 55, 56, 57, 59, 68, 69, 70, 71, 72, 73, 74], "summary": {"covered_lines": 34, "num_statements": 34, "percent_covered": 100.0, "percent_covered_display": "100", "missing_lines": 0, "excluded_lines": 0}, "missing_lines": [], "excluded_lines": []}}, "classes": {"BilheteDestinoResponse": {"executed_lines": [], "summary": {"covered_lines": 0, "num_statements": 0, "percent_covered": 100.0, "percent_covered_display": "100", "missing_lines": 0, "excluded_lines": 0}, "missing_lines": [], "excluded_lines": []}, "BilhetesPendentesResponse": {"executed_lines": [], "summary": {"covered_lines": 0, "num_statements": 0, "percent_covered": 100.0, "percent_covered_display": "100", "missing_lines": 0, "excluded_lines": 0}, "missing_lines": [], "excluded_lines": []}, "EscolherBilhetesIniciaisRequest": {"executed_lines": [], "summary": {"covered_lines": 0, "num_statements": 7, "percent_covered": 0.0, "percent_covered_display": "0", "missing_lines": 7, "excluded_lines": 0}, "missing_lines": [34, 35, 36, 40, 41, 42, 43], "excluded_lines": []}, "EscolhaBilhetesIniciaisResponse": {"executed_lines": [], "summary": {"covered_lines": 0, "num_statements": 0, "percent_covered": 100.0, "percent_covered_display": "100", "missing_lines": 0, "excluded_lines": 0}, "missing_lines": [], "excluded_lines": []}, "ComprarBilhetesRequest": {"executed_lines": [], "summary": {"covered_lines": 0, "num_statements": 0, "percent_covered": 100.0, "percent_covered_display": "100", "missing_lines": 0, "excluded_lines": 0}, "missing_lines": [], "excluded_lines": []}, "ComprarBilhetesResponse": {"executed_lines": [], "summary": {"covered_lines": 0, "num_statements": 0, "percent_covered": 100.0, "percent_covered_display": "100", "missing_lines": 0, "excluded_lines": 0}, "missing_lines": [], "excluded_lines": []}, "": {"executed_lines": [1, 7, 8, 11, 12, 13, 14, 15, 16, 19, 20, 21, 22, 23, 24, 25, 28, 29, 30, 32, 33, 38, 39, 46, 47, 48, 49, 50, 51, 52, 55, 56, 57, 59, 68, 69, 70, 71, 72, 73, 74], "summary": {"covered_lines": 34, "num_statements": 34, "percent_covered": 100.0, "percent_covered_display": "100", "missing_lines": 0, "excluded_lines": 0}, "missing_lines": [], "excluded_lines": []}}}, "app/adapters/outbound/__init__.py": {"executed_lines": [1], "summary": {"covered_lines": 0, "num_statements": 0, "percent_covered": 100.0, "percent_covered_display": "100", "missing_lines": 0, "excluded_lines": 0}, "missing_lines": [], "excluded_lines": [], "functions": {"": {"executed_lines": [1], "summary": {"covered_lines": 0, "num_statements": 0, "percent_covered": 100.0, "percent_covered_display": "100", "missing_lines": 0, "excluded_lines": 0}, "missing_lines": [], "excluded_lines": []}}, "classes": {"": {"executed_lines": [1], "summary": {"covered_lines": 0, "num_statements": 0, "percent_covered": 100.0, "percent_covered_display": "100", "missing_lines": 0, "excluded_lines": 0}, "missing_lines": [], "excluded_lines": []}}}, "app/adapters/outbound/data/mapa_brasil.py": {"executed_lines": [1, 8, 10, 11, 13, 14, 18, 19, 20, 21, 22, 25, 42, 70, 83, 123], "summary": {"covered_lines": 15, "num_statements": 35, "percent_covered": 42.857142857142854, "percent_covered_display": "43", "missing_lines": 20, "excluded_lines": 0}, "missing_lines": [15, 16, 17, 90, 91, 97, 98, 100, 101, 103, 105, 106, 107, 114, 116, 126, 127, 128, 129, 131], "excluded_lines": [], "functions": {"carregar_tabuleiro_brasil": {"executed_lines": [], "summary": {"covered_lines": 0, "num_statements": 12, "percent_covered": 0.0, "percent_covered_display": "0", "missing_lines": 12, "excluded_lines": 0}, "missing_lines": [90, 91, 97, 98, 100, 101, 103, 105, 106, 107, 114, 116], "excluded_lines": []}, "_identificar_rotas_duplas": {"executed_lines": [], "summary": {"covered_lines": 0, "num_statements": 5, "percent_covered": 0.0, "percent_covered_display": "0", "missing_lines": 5, "excluded_lines": 0}, "missing_lines": [126, 127, 128, 129, 131], "excluded_lines": []}, "": {"executed_lines": [1, 8, 10, 11, 13, 14, 18, 19, 20, 21, 22, 25, 42, 70, 83, 123], "summary": {"covered_lines": 15, "num_statements": 18, "percent_covered": 83.33333333333333, "percent_covered_display": "83", "missing_lines": 3, "excluded_lines": 0}, "missing_lines": [15, 16, 17], "excluded_lines": []}}, "classes": {"": {"executed_lines": [1, 8, 10, 11, 13, 14, 18, 19, 20, 21, 22, 25, 42, 70, 83, 123], "summary": {"covered_lines": 15, "num_statements": 35, "percent_covered": 42.857142857142854, "percent_covered_display": "43", "missing_lines": 20, "excluded_lines": 0}, "missing_lines": [15, 16, 17, 90, 91, 97, 98, 100, 101, 103, 105, 106, 107, 114, 116, 126, 127, 128, 129, 131], "excluded_lines": []}}}, "app/adapters/outbound/persistence/__init__.py": {"executed_lines": [1, 11, 12, 14], "summary": {"covered_lines": 3, "num_statements": 3, "percent_covered": 100.0, "percent_covered_display": "100", "missing_lines": 0, "excluded_lines": 0}, "missing_lines": [], "excluded_lines": [], "functions": {"": {"executed_lines": [1, 11, 12, 14], "summary": {"covered_lines": 3, "num_statements": 3, "percent_covered": 100.0, "percent_covered_display": "100", "missing_lines": 0, "excluded_lines": 0}, "missing_lines": [], "excluded_lines": []}}, "classes": {"": {"executed_lines": [1, 11, 12, 14], "summary": {"covered_lines": 3, "num_statements": 3, "percent_covered": 100.0, "percent_covered_display": "100", "missing_lines": 0, "excluded_lines": 0}, "missing_lines": [], "excluded_lines": []}}}, "app/adapters/outbound/persistence/in_memory_jogo_repository.py": {"executed_lines": [1, 7, 8, 9, 12, 13, 14, 15, 18, 21, 22, 32, 34, 35, 37, 39, 40, 41, 43, 45, 46, 47, 49, 51, 52, 53, 55, 57, 58, 59, 60, 61, 62, 64, 66, 67, 68, 70, 72, 73, 74, 76, 78], "summary": {"covered_lines": 41, "num_statements": 41, "percent_covered": 100.0, "percent_covered_display": "100", "missing_lines": 0, "excluded_lines": 0}, "missing_lines": [], "excluded_lines": [], "functions": {"InMemoryJogoRepository.__init__": {"executed_lines": [34, 35], "summary": {"covered_lines": 2, "num_statements": 2, "percent_covered": 100.0, "percent_covered_display": "100", "missing_lines": 0, "excluded_lines": 0}, "missing_lines": [], "excluded_lines": []}, "InMemoryJogoRepository.salvar": {"executed_lines": [39, 40, 41], "summary": {"covered_lines": 3, "num_statements": 3, "percent_covered": 100.0, "percent_covered_display": "100", "missing_lines": 0, "excluded_lines": 0}, "missing_lines": [], "excluded_lines": []}, "InMemoryJogoRepository.buscar": {"executed_lines": [45, 46, 47], "summary": {"covered_lines": 3, "num_statements": 3, "percent_covered": 100.0, "percent_covered_display": "100", "missing_lines": 0, "excluded_lines": 0}, "missing_lines": [], "excluded_lines": []}, "InMemoryJogoRepository.listar": {"executed_lines": [51, 52, 53], "summary": {"covered_lines": 3, "num_statements": 3, "percent_covered": 100.0, "percent_covered_display": "100", "missing_lines": 0, "excluded_lines": 0}, "missing_lines": [], "excluded_lines": []}, "InMemoryJogoRepository.deletar": {"executed_lines": [57, 58, 59, 60, 61, 62], "summary": {"covered_lines": 6, "num_statements": 6, "percent_covered": 100.0, "percent_covered_display": "100", "missing_lines": 0, "excluded_lines": 0}, "missing_lines": [], "excluded_lines": []}, "InMemoryJogoRepository.existe": {"executed_lines": [66, 67, 68], "summary": {"covered_lines": 3, "num_statements": 3, "percent_covered": 100.0, "percent_covered_display": "100", "missing_lines": 0, "excluded_lines": 0}, "missing_lines": [], "excluded_lines": []}, "InMemoryJogoRepository.limpar_todos": {"executed_lines": [72, 73, 74], "summary": {"covered_lines": 3, "num_statements": 3, "percent_covered": 100.0, "percent_covered_display": "100", "missing_lines": 0, "excluded_lines": 0}, "missing_lines": [], "excluded_lines": []}, "InMemoryJogoRepository.contar": {"executed_lines": [78], "summary": {"covered_lines": 1, "num_statements": 1, "percent_covered": 100.0, "percent_covered_display": "100", "missing_lines": 0, "excluded_lines": 0}, "missing_lines": [], "excluded_lines": []}, "": {"executed_lines": [1, 7, 8, 9, 12, 13, 14, 15, 18, 21, 22, 32, 37, 43, 49, 55, 64, 70, 76], "summary": {"covered_lines": 17, "num_statements": 17, "percent_covered": 100.0, "percent_covered_display": "100", "missing_lines": 0, "excluded_lines": 0}, "missing_lines": [], "excluded_lines": []}}, "classes": {"InMemoryJogoRepository": {"executed_lines": [34, 35, 39, 40, 41, 45, 46, 47, 51, 52, 53, 57, 58, 59, 60, 61, 62, 66, 67, 68, 72, 73, 74, 78], "summary": {"covered_lines": 24, "num_statements": 24, "percent_covered": 100.0, "percent_covered_display": "100", "missing_lines": 0, "excluded_lines": 0}, "missing_lines": [], "excluded_lines": []}, "": {"executed_lines": [1, 7, 8, 9, 12, 13, 14, 15, 18, 21, 22, 32, 37, 43, 49, 55, 64, 70, 76], "summary": {"covered_lines": 17, "num_statements": 17, "percent_covered": 100.0, "percent_covered_display": "100", "missing_lines": 0, "excluded_lines": 0}, "missing_lines": [], "excluded_lines": []}}}, "app/adapters/outbound/persistence/pickle_jogo_repository.py": {"executed_lines": [1, 7, 8, 9, 10, 11, 14, 15, 16, 17, 20, 23, 24, 36, 43, 47, 48, 49, 51, 53, 54, 55, 57, 58, 59, 61, 62, 63, 64, 65, 66, 67, 69, 71, 72, 73, 74, 75, 80, 90, 91, 92, 93, 95, 105, 106, 107, 109, 110, 112, 119, 120, 121, 123, 136, 137, 138, 139, 140, 145, 155, 156, 157, 159, 166, 167, 168, 171, 172, 173], "summary": {"covered_lines": 67, "num_statements": 73, "percent_covered": 91.78082191780823, "percent_covered_display": "92", "missing_lines": 6, "excluded_lines": 0}, "missing_lines": [45, 76, 77, 78, 142, 143], "excluded_lines": [], "functions": {"PickleJogoRepository.__init__": {"executed_lines": [43, 47, 48, 49], "summary": {"covered_lines": 4, "num_statements": 5, "percent_covered": 80.0, "percent_covered_display": "80", "missing_lines": 1, "excluded_lines": 0}, "missing_lines": [45], "excluded_lines": []}, "PickleJogoRepository._load_from_disk": {"executed_lines": [53, 54, 55, 57, 58, 59, 61, 62, 63, 64, 65, 66, 67], "summary": {"covered_lines": 13, "num_statements": 13, "percent_covered": 100.0, "percent_covered_display": "100", "missing_lines": 0, "excluded_lines": 0}, "missing_lines": [], "excluded_lines": []}, "PickleJogoRepository._persist_to_disk": {"executed_lines": [71, 72, 73, 74, 75], "summary": {"covered_lines": 5, "num_statements": 8, "percent_covered": 62.5, "percent_covered_display": "62", "missing_lines": 3, "excluded_lines": 0}, "missing_lines": [76, 77, 78], "excluded_lines": []}, "PickleJogoRepository.salvar": {"executed_lines": [90, 91, 92, 93], "summary": {"covered_lines": 4, "num_statements": 4, "percent_covered": 100.0, "percent_covered_display": "100", "missing_lines": 0, "excluded_lines": 0}, "missing_lines": [], "excluded_lines": []}, "PickleJogoRepository.buscar": {"executed_lines": [105, 106, 107, 109, 110], "summary": {"covered_lines": 5, "num_statements": 5, "percent_covered": 100.0, "percent_covered_display": "100", "missing_lines": 0, "excluded_lines": 0}, "missing_lines": [], "excluded_lines": []}, "PickleJogoRepository.listar": {"executed_lines": [119, 120, 121], "summary": {"covered_lines": 3, "num_statements": 3, "percent_covered": 100.0, "percent_covered_display": "100", "missing_lines": 0, "excluded_lines": 0}, "missing_lines": [], "excluded_lines": []}, "PickleJogoRepository.deletar": {"executed_lines": [136, 137, 138, 139, 140], "summary": {"covered_lines": 5, "num_statements": 7, "percent_covered": 71.42857142857143, "percent_covered_display": "71", "missing_lines": 2, "excluded_lines": 0}, "missing_lines": [142, 143], "excluded_lines": []}, "PickleJogoRepository.existe": {"executed_lines": [155, 156, 157], "summary": {"covered_lines": 3, "num_statements": 3, "percent_covered": 100.0, "percent_covered_display": "100", "missing_lines": 0, "excluded_lines": 0}, "missing_lines": [], "excluded_lines": []}, "PickleJogoRepository.limpar_todos": {"executed_lines": [166, 167, 168], "summary": {"covered_lines": 3, "num_statements": 3, "percent_covered": 100.0, "percent_covered_display": "100", "missing_lines": 0, "excluded_lines": 0}, "missing_lines": [], "excluded_lines": []}, "": {"executed_lines": [1, 7, 8, 9, 10, 11, 14, 15, 16, 17, 20, 23, 24, 36, 51, 69, 80, 95, 112, 123, 145, 159, 171, 172, 173], "summary": {"covered_lines": 22, "num_statements": 22, "percent_covered": 100.0, "percent_covered_display": "100", "missing_lines": 0, "excluded_lines": 0}, "missing_lines": [], "excluded_lines": []}}, "classes": {"PickleJogoRepository": {"executed_lines": [43, 47, 48, 49, 53, 54, 55, 57, 58, 59, 61, 62, 63, 64, 65, 66, 67, 71, 72, 73, 74, 75, 90, 91, 92, 93, 105, 106, 107, 109, 110, 119, 120, 121, 136, 137, 138, 139, 140, 155, 156, 157, 166, 167, 168], "summary": {"covered_lines": 45, "num_statements": 51, "percent_covered": 88.23529411764706, "percent_covered_display": "88", "missing_lines": 6, "excluded_lines": 0}, "missing_lines": [45, 76, 77, 78, 142, 143], "excluded_lines": []}, "PersistenceError": {"executed_lines": [], "summary": {"covered_lines": 0, "num_statements": 0, "percent_covered": 100.0, "percent_covered_display": "100", "missing_lines": 0, "excluded_lines": 0}, "missing_lines": [], "excluded_lines": []}, "": {"executed_lines": [1, 7, 8, 9, 10, 11, 14, 15, 16, 17, 20, 23, 24, 36, 51, 69, 80, 95, 112, 123, 145, 159, 171, 172, 173], "summary": {"covered_lines": 22, "num_statements": 22, "percent_covered": 100.0, "percent_covered_display": "100", "missing_lines": 0, "excluded_lines": 0}, "missing_lines": [], "excluded_lines": []}}}, "app/api.py": {"executed_lines": [], "summary": {"covered_lines": 0, "num_statements": 31, "percent_covered": 0.0, "percent_covered_display": "0", "missing_lines": 31, "excluded_lines": 0}, "missing_lines": [16, 17, 18, 19, 22, 23, 26, 30, 34, 39, 42, 45, 46, 53, 54, 56, 58, 62, 71, 87, 88, 90, 100, 101, 102, 103, 107, 109, 112, 114, 117], "excluded_lines": [], "functions": {"lifespan": {"executed_lines": [], "summary": {"covered_lines": 0, "num_statements": 4, "percent_covered": 0.0, "percent_covered_display": "0", "missing_lines": 4, "excluded_lines": 0}, "missing_lines": [53, 54, 56, 58], "excluded_lines": []}, "root": {"executed_lines": [], "summary": {"covered_lines": 0, "num_statements": 1, "percent_covered": 0.0, "percent_covered_display": "0", "missing_lines": 1, "excluded_lines": 0}, "missing_lines": [90], "excluded_lines": []}, "get_jogo_repository": {"executed_lines": [], "summary": {"covered_lines": 0, "num_statements": 1, "percent_covered": 0.0, "percent_covered_display": "0", "missing_lines": 1, "excluded_lines": 0}, "missing_lines": [109], "excluded_lines": []}, "get_game_service": {"executed_lines": [], "summary": {"covered_lines": 0, "num_statements": 1, "percent_covered": 0.0, "percent_covered_display": "0", "missing_lines": 1, "excluded_lines": 0}, "missing_lines": [114], "excluded_lines": []}, "": {"executed_lines": [], "summary": {"covered_lines": 0, "num_statements": 24, "percent_covered": 0.0, "percent_covered_display": "0", "missing_lines": 24, "excluded_lines": 0}, "missing_lines": [16, 17, 18, 19, 22, 23, 26, 30, 34, 39, 42, 45, 46, 62, 71, 87, 88, 100, 101, 102, 103, 107, 112, 117], "excluded_lines": []}}, "classes": {"": {"executed_lines": [], "summary": {"covered_lines": 0, "num_statements": 31, "percent_covered": 0.0, "percent_covered_display": "0", "missing_lines": 31, "excluded_lines": 0}, "missing_lines": [16, 17, 18, 19, 22, 23, 26, 30, 34, 39, 42, 45, 46, 53, 54, 56, 58, 62, 71, 87, 88, 90, 100, 101, 102, 103, 107, 109, 112, 114, 117], "excluded_lines": []}}}, "app/application/__init__.py": {"executed_lines": [1], "summary": {"covered_lines": 0, "num_statements": 0, "percent_covered": 100.0, "percent_covered_display": "100", "missing_lines": 0, "excluded_lines": 0}, "missing_lines": [], "excluded_lines": [], "functions": {"": {"executed_lines": [1], "summary": {"covered_lines": 0, "num_statements": 0, "percent_covered": 100.0, "percent_covered_display": "100", "missing_lines": 0, "excluded_lines": 0}, "missing_lines": [], "excluded_lines": []}}, "classes": {"": {"executed_lines": [1], "summary": {"covered_lines": 0, "num_statements": 0, "percent_covered": 100.0, "percent_covered_display": "100", "missing_lines": 0, "excluded_lines": 0}, "missing_lines": [], "excluded_lines": []}}}, "app/application/services/__init__.py": {"executed_lines": [1], "summary": {"covered_lines": 0, "num_statements": 0, "percent_covered": 100.0, "percent_covered_display": "100", "missing_lines": 0, "excluded_lines": 0}, "missing_lines": [], "excluded_lines": [], "functions": {"": {"executed_lines": [1], "summary": {"covered_lines": 0, "num_statements": 0, "percent_covered": 100.0, "percent_covered_display": "100", "missing_lines": 0, "excluded_lines": 0}, "missing_lines": [], "excluded_lines": []}}, "classes": {"": {"executed_lines": [1], "summary": {"covered_lines": 0, "num_statements": 0, "percent_covered": 100.0, "percent_covered_display": "100", "missing_lines": 0, "excluded_lines": 0}, "missing_lines": [], "excluded_lines": []}}}, "app/application/services/card_draw_service.py": {"executed_lines": [1, 16, 17, 18, 19, 22, 23, 24, 47, 49, 50, 53, 56, 63, 64, 66, 67, 76, 77], "summary": {"covered_lines": 18, "num_statements": 22, "percent_covered": 81.81818181818181, "percent_covered_display": "82", "missing_lines": 4, "excluded_lines": 0}, "missing_lines": [73, 74, 83, 84], "excluded_lines": [], "functions": {"CardDrawService._processar_resultado_compra": {"executed_lines": [47, 49, 50, 53, 56, 63, 64], "summary": {"covered_lines": 7, "num_statements": 7, "percent_covered": 100.0, "percent_covered_display": "100", "missing_lines": 0, "excluded_lines": 0}, "missing_lines": [], "excluded_lines": []}, "CardDrawService.comprar_carta_fechada": {"executed_lines": [], "summary": {"covered_lines": 0, "num_statements": 2, "percent_covered": 0.0, "percent_covered_display": "0", "missing_lines": 2, "excluded_lines": 0}, "missing_lines": [73, 74], "excluded_lines": []}, "CardDrawService.comprar_carta_aberta": {"executed_lines": [], "summary": {"covered_lines": 0, "num_statements": 2, "percent_covered": 0.0, "percent_covered_display": "0", "missing_lines": 2, "excluded_lines": 0}, "missing_lines": [83, 84], "excluded_lines": []}, "": {"executed_lines": [1, 16, 17, 18, 19, 22, 23, 24, 66, 67, 76, 77], "summary": {"covered_lines": 11, "num_statements": 11, "percent_covered": 100.0, "percent_covered_display": "100", "missing_lines": 0, "excluded_lines": 0}, "missing_lines": [], "excluded_lines": []}}, "classes": {"CardDrawService": {"executed_lines": [47, 49, 50, 53, 56, 63, 64], "summary": {"covered_lines": 7, "num_statements": 11, "percent_covered": 63.63636363636363, "percent_covered_display": "64", "missing_lines": 4, "excluded_lines": 0}, "missing_lines": [73, 74, 83, 84], "excluded_lines": []}, "": {"executed_lines": [1, 16, 17, 18, 19, 22, 23, 24, 66, 67, 76, 77], "summary": {"covered_lines": 11, "num_statements": 11, "percent_covered": 100.0, "percent_covered_display": "100", "missing_lines": 0, "excluded_lines": 0}, "missing_lines": [], "excluded_lines": []}}}, "app/application/services/game_action_service.py": {"executed_lines": [1, 10, 11, 14, 15, 24, 38, 41, 44, 45, 47, 55, 61, 99, 101, 103, 104, 105, 114], "summary": {"covered_lines": 17, "num_statements": 23, "percent_covered": 73.91304347826087, "percent_covered_display": "74", "missing_lines": 6, "excluded_lines": 0}, "missing_lines": [48, 50, 51, 52, 53, 112], "excluded_lines": [], "functions": {"GameActionService.passar_turno_e_verificar_fim": {"executed_lines": [38, 41, 44, 45, 47, 55], "summary": {"covered_lines": 6, "num_statements": 11, "percent_covered": 54.54545454545455, "percent_covered_display": "55", "missing_lines": 5, "excluded_lines": 0}, "missing_lines": [48, 50, 51, 52, 53], "excluded_lines": []}, "GameActionService.formatar_resposta_com_fim_turno": {"executed_lines": [99, 101, 103, 104, 105, 114], "summary": {"covered_lines": 6, "num_statements": 7, "percent_covered": 85.71428571428571, "percent_covered_display": "86", "missing_lines": 1, "excluded_lines": 0}, "missing_lines": [112], "excluded_lines": []}, "": {"executed_lines": [1, 10, 11, 14, 15, 24, 61], "summary": {"covered_lines": 5, "num_statements": 5, "percent_covered": 100.0, "percent_covered_display": "100", "missing_lines": 0, "excluded_lines": 0}, "missing_lines": [], "excluded_lines": []}}, "classes": {"GameActionService": {"executed_lines": [38, 41, 44, 45, 47, 55, 99, 101, 103, 104, 105, 114], "summary": {"covered_lines": 12, "num_statements": 18, "percent_covered": 66.66666666666667, "percent_covered_display": "67", "missing_lines": 6, "excluded_lines": 0}, "missing_lines": [48, 50, 51, 52, 53, 112], "excluded_lines": []}, "": {"executed_lines": [1, 10, 11, 14, 15, 24, 61], "summary": {"covered_lines": 5, "num_statements": 5, "percent_covered": 100.0, "percent_covered_display": "100", "missing_lines": 0, "excluded_lines": 0}, "missing_lines": [], "excluded_lines": []}}}, "app/application/services/game_creation_service.py": {"executed_lines": [1, 11, 12, 13, 15, 16, 17, 18, 21, 22, 30, 38, 69, 105, 127, 148], "summary": {"covered_lines": 14, "num_statements": 42, "percent_covered": 33.333333333333336, "percent_covered_display": "33", "missing_lines": 28, "excluded_lines": 0}, "missing_lines": [53, 56, 59, 60, 62, 65, 67, 84, 86, 87, 88, 91, 94, 95, 99, 102, 103, 118, 120, 121, 122, 124, 125, 140, 141, 142, 143, 159], "excluded_lines": [], "functions": {"GameCreationService.create_game": {"executed_lines": [], "summary": {"covered_lines": 0, "num_statements": 7, "percent_covered": 0.0, "percent_covered_display": "0", "missing_lines": 7, "excluded_lines": 0}, "missing_lines": [53, 56, 59, 60, 62, 65, 67], "excluded_lines": []}, "GameCreationService._adicionar_jogadores_customizados": {"executed_lines": [], "summary": {"covered_lines": 0, "num_statements": 10, "percent_covered": 0.0, "percent_covered_display": "0", "missing_lines": 10, "excluded_lines": 0}, "missing_lines": [84, 86, 87, 88, 91, 94, 95, 99, 102, 103], "excluded_lines": []}, "GameCreationService._adicionar_jogadores_padrao": {"executed_lines": [], "summary": {"covered_lines": 0, "num_statements": 6, "percent_covered": 0.0, "percent_covered_display": "0", "missing_lines": 6, "excluded_lines": 0}, "missing_lines": [118, 120, 121, 122, 124, 125], "excluded_lines": []}, "GameCreationService._validar_cor": {"executed_lines": [], "summary": {"covered_lines": 0, "num_statements": 4, "percent_covered": 0.0, "percent_covered_display": "0", "missing_lines": 4, "excluded_lines": 0}, "missing_lines": [140, 141, 142, 143], "excluded_lines": []}, "GameCreationService._criar_jogador": {"executed_lines": [], "summary": {"covered_lines": 0, "num_statements": 1, "percent_covered": 0.0, "percent_covered_display": "0", "missing_lines": 1, "excluded_lines": 0}, "missing_lines": [159], "excluded_lines": []}, "": {"executed_lines": [1, 11, 12, 13, 15, 16, 17, 18, 21, 22, 30, 38, 69, 105, 127, 148], "summary": {"covered_lines": 14, "num_statements": 14, "percent_covered": 100.0, "percent_covered_display": "100", "missing_lines": 0, "excluded_lines": 0}, "missing_lines": [], "excluded_lines": []}}, "classes": {"GameCreationService": {"executed_lines": [], "summary": {"covered_lines": 0, "num_statements": 28, "percent_covered": 0.0, "percent_covered_display": "0", "missing_lines": 28, "excluded_lines": 0}, "missing_lines": [53, 56, 59, 60, 62, 65, 67, 84, 86, 87, 88, 91, 94, 95, 99, 102, 103, 118, 120, 121, 122, 124, 125, 140, 141, 142, 143, 159], "excluded_lines": []}, "": {"executed_lines": [1, 11, 12, 13, 15, 16, 17, 18, 21, 22, 30, 38, 69, 105, 127, 148], "summary": {"covered_lines": 14, "num_statements": 14, "percent_covered": 100.0, "percent_covered_display": "100", "missing_lines": 0, "excluded_lines": 0}, "missing_lines": [], "excluded_lines": []}}}, "app/application/services/game_service.py": {"executed_lines": [1, 8, 9, 11, 12, 15, 18, 19, 31, 42, 50, 70], "summary": {"covered_lines": 10, "num_statements": 27, "percent_covered": 37.03703703703704, "percent_covered_display": "37", "missing_lines": 17, "excluded_lines": 0}, "missing_lines": [38, 39, 40, 44, 45, 46, 47, 48, 61, 62, 65, 66, 67, 68, 78, 79, 80], "excluded_lines": [], "functions": {"GameService.__init__": {"executed_lines": [], "summary": {"covered_lines": 0, "num_statements": 3, "percent_covered": 0.0, "percent_covered_display": "0", "missing_lines": 3, "excluded_lines": 0}, "missing_lines": [38, 39, 40], "excluded_lines": []}, "GameService._sync_from_repository": {"executed_lines": [], "summary": {"covered_lines": 0, "num_statements": 5, "percent_covered": 0.0, "percent_covered_display": "0", "missing_lines": 5, "excluded_lines": 0}, "missing_lines": [44, 45, 46, 47, 48], "excluded_lines": []}, "GameService.get_game": {"executed_lines": [], "summary": {"covered_lines": 0, "num_statements": 6, "percent_covered": 0.0, "percent_covered_display": "0", "missing_lines": 6, "excluded_lines": 0}, "missing_lines": [61, 62, 65, 66, 67, 68], "excluded_lines": []}, "GameService.save_game": {"executed_lines": [], "summary": {"covered_lines": 0, "num_statements": 3, "percent_covered": 0.0, "percent_covered_display": "0", "missing_lines": 3, "excluded_lines": 0}, "missing_lines": [78, 79, 80], "excluded_lines": []}, "": {"executed_lines": [1, 8, 9, 11, 12, 15, 18, 19, 31, 42, 50, 70], "summary": {"covered_lines": 10, "num_statements": 10, "percent_covered": 100.0, "percent_covered_display": "100", "missing_lines": 0, "excluded_lines": 0}, "missing_lines": [], "excluded_lines": []}}, "classes": {"GameService": {"executed_lines": [], "summary": {"covered_lines": 0, "num_statements": 17, "percent_covered": 0.0, "percent_covered_display": "0", "missing_lines": 17, "excluded_lines": 0}, "missing_lines": [38, 39, 40, 44, 45, 46, 47, 48, 61, 62, 65, 66, 67, 68, 78, 79, 80], "excluded_lines": []}, "": {"executed_lines": [1, 8, 9, 11, 12, 15, 18, 19, 31, 42, 50, 70], "summary": {"covered_lines": 10, "num_statements": 10, "percent_covered": 100.0, "percent_covered_display": "100", "missing_lines": 0, "excluded_lines": 0}, "missing_lines": [], "excluded_lines": []}}}, "app/application/services/longest_path_service.py": {"executed_lines": [1, 13, 14, 15, 16, 17, 23, 24, 25, 38, 40, 63], "summary": {"covered_lines": 10, "num_statements": 29, "percent_covered": 34.48275862068966, "percent_covered_display": "34", "missing_lines": 19, "excluded_lines": 0}, "missing_lines": [50, 52, 53, 55, 56, 57, 59, 61, 73, 74, 76, 78, 79, 81, 83, 84, 85, 86, 94], "excluded_lines": [], "functions": {"LongestPathService.calcular_para_todos_jogadores": {"executed_lines": [], "summary": {"covered_lines": 0, "num_statements": 8, "percent_covered": 0.0, "percent_covered_display": "0", "missing_lines": 8, "excluded_lines": 0}, "missing_lines": [50, 52, 53, 55, 56, 57, 59, 61], "excluded_lines": []}, "LongestPathService.calcular_status": {"executed_lines": [], "summary": {"covered_lines": 0, "num_statements": 11, "percent_covered": 0.0, "percent_covered_display": "0", "missing_lines": 11, "excluded_lines": 0}, "missing_lines": [73, 74, 76, 78, 79, 81, 83, 84, 85, 86, 94], "excluded_lines": []}, "": {"executed_lines": [1, 13, 14, 15, 16, 17, 23, 24, 25, 38, 40, 63], "summary": {"covered_lines": 10, "num_statements": 10, "percent_covered": 100.0, "percent_covered_display": "100", "missing_lines": 0, "excluded_lines": 0}, "missing_lines": [], "excluded_lines": []}}, "classes": {"LongestPathService": {"executed_lines": [], "summary": {"covered_lines": 0, "num_statements": 19, "percent_covered": 0.0, "percent_covered_display": "0", "missing_lines": 19, "excluded_lines": 0}, "missing_lines": [50, 52, 53, 55, 56, 57, 59, 61, 73, 74, 76, 78, 79, 81, 83, 84, 85, 86, 94], "excluded_lines": []}, "": {"executed_lines": [1, 13, 14, 15, 16, 17, 23, 24, 25, 38, 40, 63], "summary": {"covered_lines": 10, "num_statements": 10, "percent_covered": 100.0, "percent_covered_display": "100", "missing_lines": 0, "excluded_lines": 0}, "missing_lines": [], "excluded_lines": []}}}, "app/application/services/pontuacao_final_service.py": {"executed_lines": [1, 11, 12, 14, 15, 16, 17, 18, 19, 22, 23, 30, 49, 81, 109, 134, 192], "summary": {"covered_lines": 15, "num_statements": 48, "percent_covered": 31.25, "percent_covered_display": "31", "missing_lines": 33, "excluded_lines": 0}, "missing_lines": [42, 43, 44, 66, 67, 70, 73, 76, 79, 91, 93, 95, 98, 105, 107, 119, 125, 126, 127, 128, 130, 152, 153, 154, 156, 180, 183, 185, 207, 208, 209, 211, 212], "excluded_lines": [], "functions": {"PontuacaoFinalService.__init__": {"executed_lines": [], "summary": {"covered_lines": 0, "num_statements": 3, "percent_covered": 0.0, "percent_covered_display": "0", "missing_lines": 3, "excluded_lines": 0}, "missing_lines": [42, 43, 44], "excluded_lines": []}, "PontuacaoFinalService.calcular_resultado_final": {"executed_lines": [], "summary": {"covered_lines": 0, "num_statements": 6, "percent_covered": 0.0, "percent_covered_display": "0", "missing_lines": 6, "excluded_lines": 0}, "missing_lines": [66, 67, 70, 73, 76, 79], "excluded_lines": []}, "PontuacaoFinalService._calcular_pontuacoes_jogadores": {"executed_lines": [], "summary": {"covered_lines": 0, "num_statements": 6, "percent_covered": 0.0, "percent_covered_display": "0", "missing_lines": 6, "excluded_lines": 0}, "missing_lines": [91, 93, 95, 98, 105, 107], "excluded_lines": []}, "PontuacaoFinalService._aplicar_bonus_maior_caminho": {"executed_lines": [], "summary": {"covered_lines": 0, "num_statements": 6, "percent_covered": 0.0, "percent_covered_display": "0", "missing_lines": 6, "excluded_lines": 0}, "missing_lines": [119, 125, 126, 127, 128, 130], "excluded_lines": []}, "PontuacaoFinalService._formatar_resposta": {"executed_lines": [], "summary": {"covered_lines": 0, "num_statements": 7, "percent_covered": 0.0, "percent_covered_display": "0", "missing_lines": 7, "excluded_lines": 0}, "missing_lines": [152, 153, 154, 156, 180, 183, 185], "excluded_lines": []}, "PontuacaoFinalService._criar_mensagem_vencedor": {"executed_lines": [], "summary": {"covered_lines": 0, "num_statements": 5, "percent_covered": 0.0, "percent_covered_display": "0", "missing_lines": 5, "excluded_lines": 0}, "missing_lines": [207, 208, 209, 211, 212], "excluded_lines": []}, "": {"executed_lines": [1, 11, 12, 14, 15, 16, 17, 18, 19, 22, 23, 30, 49, 81, 109, 134, 192], "summary": {"covered_lines": 15, "num_statements": 15, "percent_covered": 100.0, "percent_covered_display": "100", "missing_lines": 0, "excluded_lines": 0}, "missing_lines": [], "excluded_lines": []}}, "classes": {"PontuacaoFinalService": {"executed_lines": [], "summary": {"covered_lines": 0, "num_statements": 33, "percent_covered": 0.0, "percent_covered_display": "0", "missing_lines": 33, "excluded_lines": 0}, "missing_lines": [42, 43, 44, 66, 67, 70, 73, 76, 79, 91, 93, 95, 98, 105, 107, 119, 125, 126, 127, 128, 130, 152, 153, 154, 156, 180, 183, 185, 207, 208, 209, 211, 212], "excluded_lines": []}, "": {"executed_lines": [1, 11, 12, 14, 15, 16, 17, 18, 19, 22, 23, 30, 49, 81, 109, 134, 192], "summary": {"covered_lines": 15, "num_statements": 15, "percent_covered": 100.0, "percent_covered_display": "100", "missing_lines": 0, "excluded_lines": 0}, "missing_lines": [], "excluded_lines": []}}}, "app/application/services/route_conquest_service.py": {"executed_lines": [1, 11, 12, 14, 15, 16, 17, 18, 19, 20, 21, 22, 25, 26, 33, 42, 43, 80, 131], "summary": {"covered_lines": 17, "num_statements": 33, "percent_covered": 51.515151515151516, "percent_covered_display": "52", "missing_lines": 16, "excluded_lines": 0}, "missing_lines": [40, 66, 69, 72, 75, 78, 103, 106, 109, 116, 124, 126, 127, 129, 146, 148], "excluded_lines": [], "functions": {"RouteConquestService.__init__": {"executed_lines": [], "summary": {"covered_lines": 0, "num_statements": 1, "percent_covered": 0.0, "percent_covered_display": "0", "missing_lines": 1, "excluded_lines": 0}, "missing_lines": [40], "excluded_lines": []}, "RouteConquestService.conquistar_rota": {"executed_lines": [], "summary": {"covered_lines": 0, "num_statements": 5, "percent_covered": 0.0, "percent_covered_display": "0", "missing_lines": 5, "excluded_lines": 0}, "missing_lines": [66, 69, 72, 75, 78], "excluded_lines": []}, "RouteConquestService._executar_conquista": {"executed_lines": [], "summary": {"covered_lines": 0, "num_statements": 8, "percent_covered": 0.0, "percent_covered_display": "0", "missing_lines": 8, "excluded_lines": 0}, "missing_lines": [103, 106, 109, 116, 124, 126, 127, 129], "excluded_lines": []}, "RouteConquestService._formatar_resposta": {"executed_lines": [], "summary": {"covered_lines": 0, "num_statements": 2, "percent_covered": 0.0, "percent_covered_display": "0", "missing_lines": 2, "excluded_lines": 0}, "missing_lines": [146, 148], "excluded_lines": []}, "": {"executed_lines": [1, 11, 12, 14, 15, 16, 17, 18, 19, 20, 21, 22, 25, 26, 33, 42, 43, 80, 131], "summary": {"covered_lines": 17, "num_statements": 17, "percent_covered": 100.0, "percent_covered_display": "100", "missing_lines": 0, "excluded_lines": 0}, "missing_lines": [], "excluded_lines": []}}, "classes": {"RouteConquestService": {"executed_lines": [], "summary": {"covered_lines": 0, "num_statements": 16, "percent_covered": 0.0, "percent_covered_display": "0", "missing_lines": 16, "excluded_lines": 0}, "missing_lines": [40, 66, 69, 72, 75, 78, 103, 106, 109, 116, 124, 126, 127, 129, 146, 148], "excluded_lines": []}, "": {"executed_lines": [1, 11, 12, 14, 15, 16, 17, 18, 19, 20, 21, 22, 25, 26, 33, 42, 43, 80, 131], "summary": {"covered_lines": 17, "num_statements": 17, "percent_covered": 100.0, "percent_covered_display": "100", "missing_lines": 0, "excluded_lines": 0}, "missing_lines": [], "excluded_lines": []}}}, "app/application/services/ticket_preview_service.py": {"executed_lines": [], "summary": {"covered_lines": 0, "num_statements": 40, "percent_covered": 0.0, "percent_covered_display": "0", "missing_lines": 40, "excluded_lines": 0}, "missing_lines": [25, 26, 27, 28, 29, 32, 40, 41, 43, 44, 68, 71, 72, 75, 77, 79, 82, 88, 90, 92, 93, 103, 108, 114, 115, 132, 134, 135, 138, 139, 141, 142, 143, 144, 146, 147, 149, 151, 152, 164], "excluded_lines": [], "functions": {"TicketPreviewService.preview_bilhetes": {"executed_lines": [], "summary": {"covered_lines": 0, "num_statements": 9, "percent_covered": 0.0, "percent_covered_display": "0", "missing_lines": 9, "excluded_lines": 0}, "missing_lines": [68, 71, 72, 75, 77, 79, 82, 88, 90], "excluded_lines": []}, "TicketPreviewService._validar_quantidade": {"executed_lines": [], "summary": {"covered_lines": 0, "num_statements": 2, "percent_covered": 0.0, "percent_covered_display": "0", "missing_lines": 2, "excluded_lines": 0}, "missing_lines": [103, 108], "excluded_lines": []}, "TicketPreviewService._sortear_bilhetes": {"executed_lines": [], "summary": {"covered_lines": 0, "num_statements": 12, "percent_covered": 0.0, "percent_covered_display": "0", "missing_lines": 12, "excluded_lines": 0}, "missing_lines": [132, 134, 135, 138, 139, 141, 142, 143, 144, 146, 147, 149], "excluded_lines": []}, "TicketPreviewService._formatar_resposta": {"executed_lines": [], "summary": {"covered_lines": 0, "num_statements": 1, "percent_covered": 0.0, "percent_covered_display": "0", "missing_lines": 1, "excluded_lines": 0}, "missing_lines": [164], "excluded_lines": []}, "": {"executed_lines": [], "summary": {"covered_lines": 0, "num_statements": 16, "percent_covered": 0.0, "percent_covered_display": "0", "missing_lines": 16, "excluded_lines": 0}, "missing_lines": [25, 26, 27, 28, 29, 32, 40, 41, 43, 44, 92, 93, 114, 115, 151, 152], "excluded_lines": []}}, "classes": {"TicketPreviewService": {"executed_lines": [], "summary": {"covered_lines": 0, "num_statements": 24, "percent_covered": 0.0, "percent_covered_display": "0", "missing_lines": 24, "excluded_lines": 0}, "missing_lines": [68, 71, 72, 75, 77, 79, 82, 88, 90, 103, 108, 132, 134, 135, 138, 139, 141, 142, 143, 144, 146, 147, 149, 164], "excluded_lines": []}, "": {"executed_lines": [], "summary": {"covered_lines": 0, "num_statements": 16, "percent_covered": 0.0, "percent_covered_display": "0", "missing_lines": 16, "excluded_lines": 0}, "missing_lines": [25, 26, 27, 28, 29, 32, 40, 41, 43, 44, 92, 93, 114, 115, 151, 152], "excluded_lines": []}}}, "app/application/services/ticket_purchase_service.py": {"executed_lines": [1, 14, 15, 16, 17, 18, 19, 20, 23, 24, 35, 44, 45, 110, 136, 158, 188], "summary": {"covered_lines": 15, "num_statements": 35, "percent_covered": 42.857142857142854, "percent_covered_display": "43", "missing_lines": 20, "excluded_lines": 0}, "missing_lines": [42, 75, 78, 86, 92, 100, 103, 126, 128, 129, 134, 153, 178, 186, 207, 208, 210, 211, 214, 220], "excluded_lines": [], "functions": {"TicketPurchaseService.__init__": {"executed_lines": [], "summary": {"covered_lines": 0, "num_statements": 1, "percent_covered": 0.0, "percent_covered_display": "0", "missing_lines": 1, "excluded_lines": 0}, "missing_lines": [42], "excluded_lines": []}, "TicketPurchaseService.comprar_bilhetes": {"executed_lines": [], "summary": {"covered_lines": 0, "num_statements": 6, "percent_covered": 0.0, "percent_covered_display": "0", "missing_lines": 6, "excluded_lines": 0}, "missing_lines": [75, 78, 86, 92, 100, 103], "excluded_lines": []}, "TicketPurchaseService._buscar_bilhetes_reservados": {"executed_lines": [], "summary": {"covered_lines": 0, "num_statements": 4, "percent_covered": 0.0, "percent_covered_display": "0", "missing_lines": 4, "excluded_lines": 0}, "missing_lines": [126, 128, 129, 134], "excluded_lines": []}, "TicketPurchaseService._selecionar_bilhetes": {"executed_lines": [], "summary": {"covered_lines": 0, "num_statements": 1, "percent_covered": 0.0, "percent_covered_display": "0", "missing_lines": 1, "excluded_lines": 0}, "missing_lines": [153], "excluded_lines": []}, "TicketPurchaseService._executar_compra": {"executed_lines": [], "summary": {"covered_lines": 0, "num_statements": 2, "percent_covered": 0.0, "percent_covered_display": "0", "missing_lines": 2, "excluded_lines": 0}, "missing_lines": [178, 186], "excluded_lines": []}, "TicketPurchaseService._formatar_resposta": {"executed_lines": [], "summary": {"covered_lines": 0, "num_statements": 6, "percent_covered": 0.0, "percent_covered_display": "0", "missing_lines": 6, "excluded_lines": 0}, "missing_lines": [207, 208, 210, 211, 214, 220], "excluded_lines": []}, "": {"executed_lines": [1, 14, 15, 16, 17, 18, 19, 20, 23, 24, 35, 44, 45, 110, 136, 158, 188], "summary": {"covered_lines": 15, "num_statements": 15, "percent_covered": 100.0, "percent_covered_display": "100", "missing_lines": 0, "excluded_lines": 0}, "missing_lines": [], "excluded_lines": []}}, "classes": {"TicketPurchaseService": {"executed_lines": [], "summary": {"covered_lines": 0, "num_statements": 20, "percent_covered": 0.0, "percent_covered_display": "0", "missing_lines": 20, "excluded_lines": 0}, "missing_lines": [42, 75, 78, 86, 92, 100, 103, 126, 128, 129, 134, 153, 178, 186, 207, 208, 210, 211, 214, 220], "excluded_lines": []}, "": {"executed_lines": [1, 14, 15, 16, 17, 18, 19, 20, 23, 24, 35, 44, 45, 110, 136, 158, 188], "summary": {"covered_lines": 15, "num_statements": 15, "percent_covered": 100.0, "percent_covered_display": "100", "missing_lines": 0, "excluded_lines": 0}, "missing_lines": [], "excluded_lines": []}}}, "app/application/services/ticket_selection_service.py": {"executed_lines": [], "summary": {"covered_lines": 0, "num_statements": 25, "percent_covered": 0.0, "percent_covered_display": "0", "missing_lines": 25, "excluded_lines": 0}, "missing_lines": [18, 19, 20, 21, 22, 23, 26, 27, 28, 47, 48, 49, 52, 53, 54, 55, 58, 65, 66, 68, 71, 72, 73, 76, 78], "excluded_lines": [], "functions": {"TicketSelectionService.escolher_bilhetes_iniciais": {"executed_lines": [], "summary": {"covered_lines": 0, "num_statements": 16, "percent_covered": 0.0, "percent_covered_display": "0", "missing_lines": 16, "excluded_lines": 0}, "missing_lines": [47, 48, 49, 52, 53, 54, 55, 58, 65, 66, 68, 71, 72, 73, 76, 78], "excluded_lines": []}, "": {"executed_lines": [], "summary": {"covered_lines": 0, "num_statements": 9, "percent_covered": 0.0, "percent_covered_display": "0", "missing_lines": 9, "excluded_lines": 0}, "missing_lines": [18, 19, 20, 21, 22, 23, 26, 27, 28], "excluded_lines": []}}, "classes": {"TicketSelectionService": {"executed_lines": [], "summary": {"covered_lines": 0, "num_statements": 16, "percent_covered": 0.0, "percent_covered_display": "0", "missing_lines": 16, "excluded_lines": 0}, "missing_lines": [47, 48, 49, 52, 53, 54, 55, 58, 65, 66, 68, 71, 72, 73, 76, 78], "excluded_lines": []}, "": {"executed_lines": [], "summary": {"covered_lines": 0, "num_statements": 9, "percent_covered": 0.0, "percent_covered_display": "0", "missing_lines": 9, "excluded_lines": 0}, "missing_lines": [18, 19, 20, 21, 22, 23, 26, 27, 28], "excluded_lines": []}}}, "app/constants.py": {"executed_lines": [1, 16, 24, 34, 41, 44, 47, 54, 58, 65, 68, 75], "summary": {"covered_lines": 11, "num_statements": 11, "percent_covered": 100.0, "percent_covered_display": "100", "missing_lines": 0, "excluded_lines": 0}, "missing_lines": [], "excluded_lines": [], "functions": {"": {"executed_lines": [1, 16, 24, 34, 41, 44, 47, 54, 58, 65, 68, 75], "summary": {"covered_lines": 11, "num_statements": 11, "percent_covered": 100.0, "percent_covered_display": "100", "missing_lines": 0, "excluded_lines": 0}, "missing_lines": [], "excluded_lines": []}}, "classes": {"": {"executed_lines": [1, 16, 24, 34, 41, 44, 47, 54, 58, 65, 68, 75], "summary": {"covered_lines": 11, "num_statements": 11, "percent_covered": 100.0, "percent_covered_display": "100", "missing_lines": 0, "excluded_lines": 0}, "missing_lines": [], "excluded_lines": []}}}, "app/core/__init__.py": {"executed_lines": [1], "summary": {"covered_lines": 0, "num_statements": 0, "percent_covered": 100.0, "percent_covered_display": "100", "missing_lines": 0, "excluded_lines": 0}, "missing_lines": [], "excluded_lines": [], "functions": {"": {"executed_lines": [1], "summary": {"covered_lines": 0, "num_statements": 0, "percent_covered": 100.0, "percent_covered_display": "100", "missing_lines": 0, "excluded_lines": 0}, "missing_lines": [], "excluded_lines": []}}, "classes": {"": {"executed_lines": [1], "summary": {"covered_lines": 0, "num_statements": 0, "percent_covered": 100.0, "percent_covered_display": "100", "missing_lines": 0, "excluded_lines": 0}, "missing_lines": [], "excluded_lines": []}}}, "app/core/domain/__init__.py": {"executed_lines": [1], "summary": {"covered_lines": 0, "num_statements": 0, "percent_covered": 100.0, "percent_covered_display": "100", "missing_lines": 0, "excluded_lines": 0}, "missing_lines": [], "excluded_lines": [], "functions": {"": {"executed_lines": [1], "summary": {"covered_lines": 0, "num_statements": 0, "percent_covered": 100.0, "percent_covered_display": "100", "missing_lines": 0, "excluded_lines": 0}, "missing_lines": [], "excluded_lines": []}}, "classes": {"": {"executed_lines": [1], "summary": {"covered_lines": 0, "num_statements": 0, "percent_covered": 100.0, "percent_covered_display": "100", "missing_lines": 0, "excluded_lines": 0}, "missing_lines": [], "excluded_lines": []}}}, "app/core/domain/calculators/__init__.py": {"executed_lines": [0], "summary": {"covered_lines": 0, "num_statements": 0, "percent_covered": 100.0, "percent_covered_display": "100", "missing_lines": 0, "excluded_lines": 0}, "missing_lines": [], "excluded_lines": [], "functions": {"": {"executed_lines": [], "summary": {"covered_lines": 0, "num_statements": 0, "percent_covered": 100.0, "percent_covered_display": "100", "missing_lines": 0, "excluded_lines": 0}, "missing_lines": [], "excluded_lines": []}}, "classes": {"": {"executed_lines": [], "summary": {"covered_lines": 0, "num_statements": 0, "percent_covered": 100.0, "percent_covered_display": "100", "missing_lines": 0, "excluded_lines": 0}, "missing_lines": [], "excluded_lines": []}}}, "app/core/domain/calculators/calculadora_pontos_rota.py": {"executed_lines": [1, 9, 10, 13, 14, 29, 31, 32, 50, 51], "summary": {"covered_lines": 8, "num_statements": 10, "percent_covered": 80.0, "percent_covered_display": "80", "missing_lines": 2, "excluded_lines": 0}, "missing_lines": [48, 57], "excluded_lines": [], "functions": {"CalculadoraPontosRota.calcular_pontos": {"executed_lines": [], "summary": {"covered_lines": 0, "num_statements": 1, "percent_covered": 0.0, "percent_covered_display": "0", "missing_lines": 1, "excluded_lines": 0}, "missing_lines": [48], "excluded_lines": []}, "CalculadoraPontosRota.get_tabela_pontos": {"executed_lines": [], "summary": {"covered_lines": 0, "num_statements": 1, "percent_covered": 0.0, "percent_covered_display": "0", "missing_lines": 1, "excluded_lines": 0}, "missing_lines": [57], "excluded_lines": []}, "": {"executed_lines": [1, 9, 10, 13, 14, 29, 31, 32, 50, 51], "summary": {"covered_lines": 8, "num_statements": 8, "percent_covered": 100.0, "percent_covered_display": "100", "missing_lines": 0, "excluded_lines": 0}, "missing_lines": [], "excluded_lines": []}}, "classes": {"CalculadoraPontosRota": {"executed_lines": [], "summary": {"covered_lines": 0, "num_statements": 2, "percent_covered": 0.0, "percent_covered_display": "0", "missing_lines": 2, "excluded_lines": 0}, "missing_lines": [48, 57], "excluded_lines": []}, "": {"executed_lines": [1, 9, 10, 13, 14, 29, 31, 32, 50, 51], "summary": {"covered_lines": 8, "num_statements": 8, "percent_covered": 100.0, "percent_covered_display": "100", "missing_lines": 0, "excluded_lines": 0}, "missing_lines": [], "excluded_lines": []}}}, "app/core/domain/calculators/longest_path.py": {"executed_lines": [1, 21, 22, 23, 24, 32, 33, 34, 48, 69, 98, 101, 104, 108, 114], "summary": {"covered_lines": 13, "num_statements": 41, "percent_covered": 31.70731707317073, "percent_covered_display": "32", "missing_lines": 28, "excluded_lines": 0}, "missing_lines": [50, 51, 53, 54, 55, 57, 58, 59, 65, 67, 71, 72, 74, 75, 76, 77, 79, 80, 81, 83, 91, 92, 93, 95, 99, 102, 106, 111], "excluded_lines": [], "functions": {"LongestPathCalculator.calcular_maior_caminho": {"executed_lines": [], "summary": {"covered_lines": 0, "num_statements": 10, "percent_covered": 0.0, "percent_covered_display": "0", "missing_lines": 10, "excluded_lines": 0}, "missing_lines": [50, 51, 53, 54, 55, 57, 58, 59, 65, 67], "excluded_lines": []}, "LongestPathCalculator.encontrar_maior_caminho": {"executed_lines": [], "summary": {"covered_lines": 0, "num_statements": 14, "percent_covered": 0.0, "percent_covered_display": "0", "missing_lines": 14, "excluded_lines": 0}, "missing_lines": [71, 72, 74, 75, 76, 77, 79, 80, 81, 83, 91, 92, 93, 95], "excluded_lines": []}, "LongestPathCalculator._construir_grafo": {"executed_lines": [], "summary": {"covered_lines": 0, "num_statements": 1, "percent_covered": 0.0, "percent_covered_display": "0", "missing_lines": 1, "excluded_lines": 0}, "missing_lines": [99], "excluded_lines": []}, "LongestPathCalculator._criar_rotas_map": {"executed_lines": [], "summary": {"covered_lines": 0, "num_statements": 1, "percent_covered": 0.0, "percent_covered_display": "0", "missing_lines": 1, "excluded_lines": 0}, "missing_lines": [102], "excluded_lines": []}, "LongestPathCalculator._dfs_recursivo": {"executed_lines": [], "summary": {"covered_lines": 0, "num_statements": 1, "percent_covered": 0.0, "percent_covered_display": "0", "missing_lines": 1, "excluded_lines": 0}, "missing_lines": [106], "excluded_lines": []}, "LongestPathCalculator._dfs_com_caminho": {"executed_lines": [], "summary": {"covered_lines": 0, "num_statements": 1, "percent_covered": 0.0, "percent_covered_display": "0", "missing_lines": 1, "excluded_lines": 0}, "missing_lines": [111], "excluded_lines": []}, "": {"executed_lines": [1, 21, 22, 23, 24, 32, 33, 34, 48, 69, 98, 101, 104, 108, 114], "summary": {"covered_lines": 13, "num_statements": 13, "percent_covered": 100.0, "percent_covered_display": "100", "missing_lines": 0, "excluded_lines": 0}, "missing_lines": [], "excluded_lines": []}}, "classes": {"LongestPathCalculator": {"executed_lines": [], "summary": {"covered_lines": 0, "num_statements": 28, "percent_covered": 0.0, "percent_covered_display": "0", "missing_lines": 28, "excluded_lines": 0}, "missing_lines": [50, 51, 53, 54, 55, 57, 58, 59, 65, 67, 71, 72, 74, 75, 76, 77, 79, 80, 81, 83, 91, 92, 93, 95, 99, 102, 106, 111], "excluded_lines": []}, "": {"executed_lines": [1, 21, 22, 23, 24, 32, 33, 34, 48, 69, 98, 101, 104, 108, 114], "summary": {"covered_lines": 13, "num_statements": 13, "percent_covered": 100.0, "percent_covered_display": "100", "missing_lines": 0, "excluded_lines": 0}, "missing_lines": [], "excluded_lines": []}}}, "app/core/domain/calculators/longest_path_dfs.py": {"executed_lines": [1, 15, 16, 19, 80, 138, 170], "summary": {"covered_lines": 6, "num_statements": 48, "percent_covered": 12.5, "percent_covered_display": "12", "missing_lines": 42, "excluded_lines": 0}, "missing_lines": [44, 47, 49, 51, 52, 55, 58, 61, 69, 72, 75, 77, 100, 101, 103, 105, 106, 107, 110, 111, 113, 116, 124, 127, 128, 129, 132, 133, 135, 150, 152, 153, 154, 155, 158, 159, 160, 163, 164, 165, 167, 180], "excluded_lines": [], "functions": {"dfs_recursivo": {"executed_lines": [], "summary": {"covered_lines": 0, "num_statements": 12, "percent_covered": 0.0, "percent_covered_display": "0", "missing_lines": 12, "excluded_lines": 0}, "missing_lines": [44, 47, 49, 51, 52, 55, 58, 61, 69, 72, 75, 77], "excluded_lines": []}, "dfs_com_caminho": {"executed_lines": [], "summary": {"covered_lines": 0, "num_statements": 17, "percent_covered": 0.0, "percent_covered_display": "0", "missing_lines": 17, "excluded_lines": 0}, "missing_lines": [100, 101, 103, 105, 106, 107, 110, 111, 113, 116, 124, 127, 128, 129, 132, 133, 135], "excluded_lines": []}, "construir_grafo": {"executed_lines": [], "summary": {"covered_lines": 0, "num_statements": 12, "percent_covered": 0.0, "percent_covered_display": "0", "missing_lines": 12, "excluded_lines": 0}, "missing_lines": [150, 152, 153, 154, 155, 158, 159, 160, 163, 164, 165, 167], "excluded_lines": []}, "criar_rotas_map": {"executed_lines": [], "summary": {"covered_lines": 0, "num_statements": 1, "percent_covered": 0.0, "percent_covered_display": "0", "missing_lines": 1, "excluded_lines": 0}, "missing_lines": [180], "excluded_lines": []}, "": {"executed_lines": [1, 15, 16, 19, 80, 138, 170], "summary": {"covered_lines": 6, "num_statements": 6, "percent_covered": 100.0, "percent_covered_display": "100", "missing_lines": 0, "excluded_lines": 0}, "missing_lines": [], "excluded_lines": []}}, "classes": {"": {"executed_lines": [1, 15, 16, 19, 80, 138, 170], "summary": {"covered_lines": 6, "num_statements": 48, "percent_covered": 12.5, "percent_covered_display": "12", "missing_lines": 42, "excluded_lines": 0}, "missing_lines": [44, 47, 49, 51, 52, 55, 58, 61, 69, 72, 75, 77, 100, 101, 103, 105, 106, 107, 110, 111, 113, 116, 124, 127, 128, 129, 132, 133, 135, 150, 152, 153, 154, 155, 158, 159, 160, 163, 164, 165, 167, 180], "excluded_lines": []}}}, "app/core/domain/calculators/pathfinder.py": {"executed_lines": [], "summary": {"covered_lines": 0, "num_statements": 28, "percent_covered": 0.0, "percent_covered_display": "0", "missing_lines": 28, "excluded_lines": 0}, "missing_lines": [21, 22, 23, 24, 25, 32, 33, 48, 58, 59, 61, 62, 64, 65, 67, 76, 77, 79, 80, 82, 83, 86, 87, 89, 90, 92, 94, 97], "excluded_lines": [], "functions": {"PathFinder.verificar_caminho_existe": {"executed_lines": [], "summary": {"covered_lines": 0, "num_statements": 6, "percent_covered": 0.0, "percent_covered_display": "0", "missing_lines": 6, "excluded_lines": 0}, "missing_lines": [58, 59, 61, 62, 64, 65], "excluded_lines": []}, "PathFinder.encontrar_caminho": {"executed_lines": [], "summary": {"covered_lines": 0, "num_statements": 6, "percent_covered": 0.0, "percent_covered_display": "0", "missing_lines": 6, "excluded_lines": 0}, "missing_lines": [76, 77, 79, 80, 82, 83], "excluded_lines": []}, "PathFinder._construir_grafo": {"executed_lines": [], "summary": {"covered_lines": 0, "num_statements": 1, "percent_covered": 0.0, "percent_covered_display": "0", "missing_lines": 1, "excluded_lines": 0}, "missing_lines": [87], "excluded_lines": []}, "PathFinder._bfs": {"executed_lines": [], "summary": {"covered_lines": 0, "num_statements": 1, "percent_covered": 0.0, "percent_covered_display": "0", "missing_lines": 1, "excluded_lines": 0}, "missing_lines": [90], "excluded_lines": []}, "PathFinder._bfs_com_caminho": {"executed_lines": [], "summary": {"covered_lines": 0, "num_statements": 1, "percent_covered": 0.0, "percent_covered_display": "0", "missing_lines": 1, "excluded_lines": 0}, "missing_lines": [94], "excluded_lines": []}, "": {"executed_lines": [], "summary": {"covered_lines": 0, "num_statements": 13, "percent_covered": 0.0, "percent_covered_display": "0", "missing_lines": 13, "excluded_lines": 0}, "missing_lines": [21, 22, 23, 24, 25, 32, 33, 48, 67, 86, 89, 92, 97], "excluded_lines": []}}, "classes": {"PathFinder": {"executed_lines": [], "summary": {"covered_lines": 0, "num_statements": 15, "percent_covered": 0.0, "percent_covered_display": "0", "missing_lines": 15, "excluded_lines": 0}, "missing_lines": [58, 59, 61, 62, 64, 65, 76, 77, 79, 80, 82, 83, 87, 90, 94], "excluded_lines": []}, "": {"executed_lines": [], "summary": {"covered_lines": 0, "num_statements": 13, "percent_covered": 0.0, "percent_covered_display": "0", "missing_lines": 13, "excluded_lines": 0}, "missing_lines": [21, 22, 23, 24, 25, 32, 33, 48, 67, 86, 89, 92, 97], "excluded_lines": []}}}, "app/core/domain/calculators/pathfinder_bfs.py": {"executed_lines": [], "summary": {"covered_lines": 0, "num_statements": 61, "percent_covered": 0.0, "percent_covered_display": "0", "missing_lines": 61, "excluded_lines": 0}, "missing_lines": [14, 15, 16, 17, 20, 32, 34, 35, 36, 39, 40, 41, 44, 45, 46, 48, 51, 75, 76, 79, 80, 82, 83, 86, 87, 90, 91, 92, 93, 94, 97, 100, 120, 121, 124, 125, 126, 128, 129, 131, 133, 135, 136, 137, 138, 139, 140, 142, 145, 167, 168, 169, 170, 173, 174, 176, 177, 178, 181, 184, 186], "excluded_lines": [], "functions": {"construir_grafo": {"executed_lines": [], "summary": {"covered_lines": 0, "num_statements": 11, "percent_covered": 0.0, "percent_covered_display": "0", "missing_lines": 11, "excluded_lines": 0}, "missing_lines": [32, 34, 35, 36, 39, 40, 41, 44, 45, 46, 48], "excluded_lines": []}, "bfs": {"executed_lines": [], "summary": {"covered_lines": 0, "num_statements": 14, "percent_covered": 0.0, "percent_covered_display": "0", "missing_lines": 14, "excluded_lines": 0}, "missing_lines": [75, 76, 79, 80, 82, 83, 86, 87, 90, 91, 92, 93, 94, 97], "excluded_lines": []}, "bfs_com_caminho": {"executed_lines": [], "summary": {"covered_lines": 0, "num_statements": 16, "percent_covered": 0.0, "percent_covered_display": "0", "missing_lines": 16, "excluded_lines": 0}, "missing_lines": [120, 121, 124, 125, 126, 128, 129, 131, 133, 135, 136, 137, 138, 139, 140, 142], "excluded_lines": []}, "reconstruir_caminho": {"executed_lines": [], "summary": {"covered_lines": 0, "num_statements": 12, "percent_covered": 0.0, "percent_covered_display": "0", "missing_lines": 12, "excluded_lines": 0}, "missing_lines": [167, 168, 169, 170, 173, 174, 176, 177, 178, 181, 184, 186], "excluded_lines": []}, "": {"executed_lines": [], "summary": {"covered_lines": 0, "num_statements": 8, "percent_covered": 0.0, "percent_covered_display": "0", "missing_lines": 8, "excluded_lines": 0}, "missing_lines": [14, 15, 16, 17, 20, 51, 100, 145], "excluded_lines": []}}, "classes": {"": {"executed_lines": [], "summary": {"covered_lines": 0, "num_statements": 61, "percent_covered": 0.0, "percent_covered_display": "0", "missing_lines": 61, "excluded_lines": 0}, "missing_lines": [14, 15, 16, 17, 20, 32, 34, 35, 36, 39, 40, 41, 44, 45, 46, 48, 51, 75, 76, 79, 80, 82, 83, 86, 87, 90, 91, 92, 93, 94, 97, 100, 120, 121, 124, 125, 126, 128, 129, 131, 133, 135, 136, 137, 138, 139, 140, 142, 145, 167, 168, 169, 170, 173, 174, 176, 177, 178, 181, 184, 186], "excluded_lines": []}}}, "app/core/domain/calculators/placar.py": {"executed_lines": [1, 20, 21, 22, 23, 26, 27, 33, 34, 47, 48, 49, 62, 63, 64, 66, 74, 82, 91, 105, 130, 146, 150, 158, 162, 170, 171, 172, 179, 181, 193, 194, 195, 202, 204, 216], "summary": {"covered_lines": 31, "num_statements": 64, "percent_covered": 48.4375, "percent_covered_display": "48", "missing_lines": 33, "excluded_lines": 0}, "missing_lines": [44, 71, 72, 79, 80, 87, 88, 89, 103, 117, 119, 120, 122, 125, 126, 128, 138, 139, 141, 144, 148, 156, 160, 164, 165, 184, 185, 187, 189, 190, 207, 214, 218], "excluded_lines": [], "functions": {"PontuacaoObserver.atualizar_pontuacao": {"executed_lines": [], "summary": {"covered_lines": 0, "num_statements": 1, "percent_covered": 0.0, "percent_covered_display": "0", "missing_lines": 1, "excluded_lines": 0}, "missing_lines": [44], "excluded_lines": []}, "Placar.registrar_observer": {"executed_lines": [], "summary": {"covered_lines": 0, "num_statements": 2, "percent_covered": 0.0, "percent_covered_display": "0", "missing_lines": 2, "excluded_lines": 0}, "missing_lines": [71, 72], "excluded_lines": []}, "Placar.remover_observer": {"executed_lines": [], "summary": {"covered_lines": 0, "num_statements": 2, "percent_covered": 0.0, "percent_covered_display": "0", "missing_lines": 2, "excluded_lines": 0}, "missing_lines": [79, 80], "excluded_lines": []}, "Placar._notificar_observers": {"executed_lines": [], "summary": {"covered_lines": 0, "num_statements": 3, "percent_covered": 0.0, "percent_covered_display": "0", "missing_lines": 3, "excluded_lines": 0}, "missing_lines": [87, 88, 89], "excluded_lines": []}, "Placar.calcular_pontos_rota": {"executed_lines": [], "summary": {"covered_lines": 0, "num_statements": 1, "percent_covered": 0.0, "percent_covered_display": "0", "missing_lines": 1, "excluded_lines": 0}, "missing_lines": [103], "excluded_lines": []}, "Placar.adicionar_pontos_rota": {"executed_lines": [], "summary": {"covered_lines": 0, "num_statements": 7, "percent_covered": 0.0, "percent_covered_display": "0", "missing_lines": 7, "excluded_lines": 0}, "missing_lines": [117, 119, 120, 122, 125, 126, 128], "excluded_lines": []}, "Placar.adicionar_pontos_customizado": {"executed_lines": [], "summary": {"covered_lines": 0, "num_statements": 4, "percent_covered": 0.0, "percent_covered_display": "0", "missing_lines": 4, "excluded_lines": 0}, "missing_lines": [138, 139, 141, 144], "excluded_lines": []}, "Placar.obter_pontuacao": {"executed_lines": [], "summary": {"covered_lines": 0, "num_statements": 1, "percent_covered": 0.0, "percent_covered_display": "0", "missing_lines": 1, "excluded_lines": 0}, "missing_lines": [148], "excluded_lines": []}, "Placar.obter_ranking": {"executed_lines": [], "summary": {"covered_lines": 0, "num_statements": 1, "percent_covered": 0.0, "percent_covered_display": "0", "missing_lines": 1, "excluded_lines": 0}, "missing_lines": [156], "excluded_lines": []}, "Placar.resetar": {"executed_lines": [], "summary": {"covered_lines": 0, "num_statements": 1, "percent_covered": 0.0, "percent_covered_display": "0", "missing_lines": 1, "excluded_lines": 0}, "missing_lines": [160], "excluded_lines": []}, "Placar.atualizarPlacar": {"executed_lines": [], "summary": {"covered_lines": 0, "num_statements": 2, "percent_covered": 0.0, "percent_covered_display": "0", "missing_lines": 2, "excluded_lines": 0}, "missing_lines": [164, 165], "excluded_lines": []}, "LogPontuacaoObserver.atualizar_pontuacao": {"executed_lines": [], "summary": {"covered_lines": 0, "num_statements": 5, "percent_covered": 0.0, "percent_covered_display": "0", "missing_lines": 5, "excluded_lines": 0}, "missing_lines": [184, 185, 187, 189, 190], "excluded_lines": []}, "HistoricoPontuacaoObserver.atualizar_pontuacao": {"executed_lines": [], "summary": {"covered_lines": 0, "num_statements": 2, "percent_covered": 0.0, "percent_covered_display": "0", "missing_lines": 2, "excluded_lines": 0}, "missing_lines": [207, 214], "excluded_lines": []}, "HistoricoPontuacaoObserver.obter_historico_jogador": {"executed_lines": [], "summary": {"covered_lines": 0, "num_statements": 1, "percent_covered": 0.0, "percent_covered_display": "0", "missing_lines": 1, "excluded_lines": 0}, "missing_lines": [218], "excluded_lines": []}, "": {"executed_lines": [1, 20, 21, 22, 23, 26, 27, 33, 34, 47, 48, 49, 62, 63, 64, 66, 74, 82, 91, 105, 130, 146, 150, 158, 162, 170, 171, 172, 179, 181, 193, 194, 195, 202, 204, 216], "summary": {"covered_lines": 31, "num_statements": 31, "percent_covered": 100.0, "percent_covered_display": "100", "missing_lines": 0, "excluded_lines": 0}, "missing_lines": [], "excluded_lines": []}}, "classes": {"PontuacaoObserver": {"executed_lines": [], "summary": {"covered_lines": 0, "num_statements": 1, "percent_covered": 0.0, "percent_covered_display": "0", "missing_lines": 1, "excluded_lines": 0}, "missing_lines": [44], "excluded_lines": []}, "Placar": {"executed_lines": [], "summary": {"covered_lines": 0, "num_statements": 24, "percent_covered": 0.0, "percent_covered_display": "0", "missing_lines": 24, "excluded_lines": 0}, "missing_lines": [71, 72, 79, 80, 87, 88, 89, 103, 117, 119, 120, 122, 125, 126, 128, 138, 139, 141, 144, 148, 156, 160, 164, 165], "excluded_lines": []}, "LogPontuacaoObserver": {"executed_lines": [], "summary": {"covered_lines": 0, "num_statements": 5, "percent_covered": 0.0, "percent_covered_display": "0", "missing_lines": 5, "excluded_lines": 0}, "missing_lines": [184, 185, 187, 189, 190], "excluded_lines": []}, "HistoricoPontuacaoObserver": {"executed_lines": [], "summary": {"covered_lines": 0, "num_statements": 3, "percent_covered": 0.0, "percent_covered_display": "0", "missing_lines": 3, "excluded_lines": 0}, "missing_lines": [207, 214, 218], "excluded_lines": []}, "": {"executed_lines": [1, 20, 21, 22, 23, 26, 27, 33, 34, 47, 48, 49, 62, 63, 64, 66, 74, 82, 91, 105, 130, 146, 150, 158, 162, 170, 171, 172, 179, 181, 193, 194, 195, 202, 204, 216], "summary": {"covered_lines": 31, "num_statements": 31, "percent_covered": 100.0, "percent_covered_display": "100", "missing_lines": 0, "excluded_lines": 0}, "missing_lines": [], "excluded_lines": []}}}, "app/core/domain/calculators/pontuacao_final_calculator.py": {"executed_lines": [1, 9, 10, 11, 12, 13, 14, 15, 16, 19, 20, 21, 35, 36, 38, 93], "summary": {"covered_lines": 14, "num_statements": 33, "percent_covered": 42.42424242424242, "percent_covered_display": "42", "missing_lines": 19, "excluded_lines": 0}, "missing_lines": [60, 65, 71, 72, 75, 78, 80, 112, 113, 116, 127, 130, 132, 134, 139, 141, 144, 145, 147], "excluded_lines": [], "functions": {"PontuacaoFinalCalculator.calcular_pontuacao_jogador": {"executed_lines": [], "summary": {"covered_lines": 0, "num_statements": 7, "percent_covered": 0.0, "percent_covered_display": "0", "missing_lines": 7, "excluded_lines": 0}, "missing_lines": [60, 65, 71, 72, 75, 78, 80], "excluded_lines": []}, "PontuacaoFinalCalculator.determinar_vencedor": {"executed_lines": [], "summary": {"covered_lines": 0, "num_statements": 12, "percent_covered": 0.0, "percent_covered_display": "0", "missing_lines": 12, "excluded_lines": 0}, "missing_lines": [112, 113, 116, 127, 130, 132, 134, 139, 141, 144, 145, 147], "excluded_lines": []}, "": {"executed_lines": [1, 9, 10, 11, 12, 13, 14, 15, 16, 19, 20, 21, 35, 36, 38, 93], "summary": {"covered_lines": 14, "num_statements": 14, "percent_covered": 100.0, "percent_covered_display": "100", "missing_lines": 0, "excluded_lines": 0}, "missing_lines": [], "excluded_lines": []}}, "classes": {"PontuacaoFinalCalculator": {"executed_lines": [], "summary": {"covered_lines": 0, "num_statements": 19, "percent_covered": 0.0, "percent_covered_display": "0", "missing_lines": 19, "excluded_lines": 0}, "missing_lines": [60, 65, 71, 72, 75, 78, 80, 112, 113, 116, 127, 130, 132, 134, 139, 141, 144, 145, 147], "excluded_lines": []}, "": {"executed_lines": [1, 9, 10, 11, 12, 13, 14, 15, 16, 19, 20, 21, 35, 36, 38, 93], "summary": {"covered_lines": 14, "num_statements": 14, "percent_covered": 100.0, "percent_covered_display": "100", "missing_lines": 0, "excluded_lines": 0}, "missing_lines": [], "excluded_lines": []}}}, "app/core/domain/calculators/pontuacao_final_types.py": {"executed_lines": [1, 8, 9, 10, 13, 14, 15, 31, 32, 33, 34, 35, 36, 37, 38, 39, 40, 41, 43, 53, 54, 55, 64, 65, 66, 67], "summary": {"covered_lines": 23, "num_statements": 24, "percent_covered": 95.83333333333333, "percent_covered_display": "96", "missing_lines": 1, "excluded_lines": 0}, "missing_lines": [45], "excluded_lines": [], "functions": {"ResultadoJogador.__post_init__": {"executed_lines": [], "summary": {"covered_lines": 0, "num_statements": 1, "percent_covered": 0.0, "percent_covered_display": "0", "missing_lines": 1, "excluded_lines": 0}, "missing_lines": [45], "excluded_lines": []}, "": {"executed_lines": [1, 8, 9, 10, 13, 14, 15, 31, 32, 33, 34, 35, 36, 37, 38, 39, 40, 41, 43, 53, 54, 55, 64, 65, 66, 67], "summary": {"covered_lines": 23, "num_statements": 23, "percent_covered": 100.0, "percent_covered_display": "100", "missing_lines": 0, "excluded_lines": 0}, "missing_lines": [], "excluded_lines": []}}, "classes": {"ResultadoJogador": {"executed_lines": [], "summary": {"covered_lines": 0, "num_statements": 1, "percent_covered": 0.0, "percent_covered_display": "0", "missing_lines": 1, "excluded_lines": 0}, "missing_lines": [45], "excluded_lines": []}, "ResultadoFinal": {"executed_lines": [], "summary": {"covered_lines": 0, "num_statements": 0, "percent_covered": 100.0, "percent_covered_display": "100", "missing_lines": 0, "excluded_lines": 0}, "missing_lines": [], "excluded_lines": []}, "": {"executed_lines": [1, 8, 9, 10, 13, 14, 15, 31, 32, 33, 34, 35, 36, 37, 38, 39, 40, 41, 43, 53, 54, 55, 64, 65, 66, 67], "summary": {"covered_lines": 23, "num_statements": 23, "percent_covered": 100.0, "percent_covered_display": "100", "missing_lines": 0, "excluded_lines": 0}, "missing_lines": [], "excluded_lines": []}}}, "app/core/domain/calculators/verificador_bilhetes.py": {"executed_lines": [1, 9, 10, 11, 13, 17, 23, 24, 25, 40, 42, 63, 84, 105], "summary": {"covered_lines": 11, "num_statements": 30, "percent_covered": 36.666666666666664, "percent_covered_display": "37", "missing_lines": 19, "excluded_lines": 2}, "missing_lines": [19, 20, 57, 78, 79, 80, 81, 82, 99, 100, 101, 102, 103, 120, 122, 123, 124, 126, 128], "excluded_lines": [13, 14], "functions": {"_get_pathfinder": {"executed_lines": [], "summary": {"covered_lines": 0, "num_statements": 2, "percent_covered": 0.0, "percent_covered_display": "0", "missing_lines": 2, "excluded_lines": 0}, "missing_lines": [19, 20], "excluded_lines": []}, "VerificadorBilhetes.verificar_bilhete_completo": {"executed_lines": [], "summary": {"covered_lines": 0, "num_statements": 1, "percent_covered": 0.0, "percent_covered_display": "0", "missing_lines": 1, "excluded_lines": 0}, "missing_lines": [57], "excluded_lines": []}, "VerificadorBilhetes.listar_bilhetes_completos": {"executed_lines": [], "summary": {"covered_lines": 0, "num_statements": 5, "percent_covered": 0.0, "percent_cove
[...]
t_route_conquest_service": {"executed_lines": [], "summary": {"covered_lines": 0, "num_statements": 1, "percent_covered": 0.0, "percent_covered_display": "0", "missing_lines": 1, "excluded_lines": 0}, "missing_lines": [70], "excluded_lines": []}, "get_ticket_purchase_service": {"executed_lines": [], "summary": {"covered_lines": 0, "num_statements": 1, "percent_covered": 0.0, "percent_covered_display": "0", "missing_lines": 1, "excluded_lines": 0}, "missing_lines": [77], "excluded_lines": []}, "get_longest_path_service": {"executed_lines": [], "summary": {"covered_lines": 0, "num_statements": 1, "percent_covered": 0.0, "percent_covered_display": "0", "missing_lines": 1, "excluded_lines": 0}, "missing_lines": [82], "excluded_lines": []}, "get_validated_game": {"executed_lines": [], "summary": {"covered_lines": 0, "num_statements": 4, "percent_covered": 0.0, "percent_covered_display": "0", "missing_lines": 4, "excluded_lines": 0}, "missing_lines": [143, 144, 145, 146], "excluded_lines": []}, "get_validated_player": {"executed_lines": [], "summary": {"covered_lines": 0, "num_statements": 4, "percent_covered": 0.0, "percent_covered_display": "0", "missing_lines": 4, "excluded_lines": 0}, "missing_lines": [180, 181, 182, 183], "excluded_lines": []}, "": {"executed_lines": [1, 5, 8, 11, 14, 15, 18, 19, 20, 21, 22, 23, 24, 31, 43, 53, 58, 63, 68, 73, 80, 115, 149], "summary": {"covered_lines": 22, "num_statements": 22, "percent_covered": 100.0, "percent_covered_display": "100", "missing_lines": 0, "excluded_lines": 0}, "missing_lines": [], "excluded_lines": []}}, "classes": {"": {"executed_lines": [1, 5, 8, 11, 14, 15, 18, 19, 20, 21, 22, 23, 24, 31, 43, 53, 58, 63, 68, 73, 80, 115, 149], "summary": {"covered_lines": 22, "num_statements": 38, "percent_covered": 57.89473684210526, "percent_covered_display": "58", "missing_lines": 16, "excluded_lines": 0}, "missing_lines": [36, 50, 55, 60, 65, 70, 77, 82, 143, 144, 145, 146, 180, 181, 182, 183], "excluded_lines": []}}}, "app/shared/__init__.py": {"executed_lines": [1], "summary": {"covered_lines": 0, "num_statements": 0, "percent_covered": 100.0, "percent_covered_display": "100", "missing_lines": 0, "excluded_lines": 0}, "missing_lines": [], "excluded_lines": [], "functions": {"": {"executed_lines": [1], "summary": {"covered_lines": 0, "num_statements": 0, "percent_covered": 100.0, "percent_covered_display": "100", "missing_lines": 0, "excluded_lines": 0}, "missing_lines": [], "excluded_lines": []}}, "classes": {"": {"executed_lines": [1], "summary": {"covered_lines": 0, "num_statements": 0, "percent_covered": 100.0, "percent_covered_display": "100", "missing_lines": 0, "excluded_lines": 0}, "missing_lines": [], "excluded_lines": []}}}, "app/shared/bilhete_helpers.py": {"executed_lines": [1, 3, 5], "summary": {"covered_lines": 2, "num_statements": 2, "percent_covered": 100.0, "percent_covered_display": "100", "missing_lines": 0, "excluded_lines": 0}, "missing_lines": [], "excluded_lines": [], "functions": {"": {"executed_lines": [1, 3, 5], "summary": {"covered_lines": 2, "num_statements": 2, "percent_covered": 100.0, "percent_covered_display": "100", "missing_lines": 0, "excluded_lines": 0}, "missing_lines": [], "excluded_lines": []}}, "classes": {"": {"executed_lines": [1, 3, 5], "summary": {"covered_lines": 2, "num_statements": 2, "percent_covered": 100.0, "percent_covered_display": "100", "missing_lines": 0, "excluded_lines": 0}, "missing_lines": [], "excluded_lines": []}}}, "app/shared/exception_handlers.py": {"executed_lines": [1, 21, 22, 23, 25, 28, 67, 68, 69, 70, 71, 74, 75, 78, 80], "summary": {"covered_lines": 14, "num_statements": 14, "percent_covered": 100.0, "percent_covered_display": "100", "missing_lines": 0, "excluded_lines": 2}, "missing_lines": [], "excluded_lines": [1, 29], "functions": {"handle_validation_errors": {"executed_lines": [67, 68, 80], "summary": {"covered_lines": 3, "num_statements": 3, "percent_covered": 100.0, "percent_covered_display": "100", "missing_lines": 0, "excluded_lines": 1}, "missing_lines": [], "excluded_lines": [29]}, "handle_validation_errors.wrapper": {"executed_lines": [69, 70, 71, 74, 75, 78], "summary": {"covered_lines": 6, "num_statements": 6, "percent_covered": 100.0, "percent_covered_display": "100", "missing_lines": 0, "excluded_lines": 0}, "missing_lines": [], "excluded_lines": []}, "": {"executed_lines": [1, 21, 22, 23, 25, 28], "summary": {"covered_lines": 5, "num_statements": 5, "percent_covered": 100.0, "percent_covered_display": "100", "missing_lines": 0, "excluded_lines": 1}, "missing_lines": [], "excluded_lines": [1]}}, "classes": {"": {"executed_lines": [1, 21, 22, 23, 25, 28, 67, 68, 69, 70, 71, 74, 75, 78, 80], "summary": {"covered_lines": 14, "num_statements": 14, "percent_covered": 100.0, "percent_covered_display": "100", "missing_lines": 0, "excluded_lines": 2}, "missing_lines": [], "excluded_lines": [1, 29]}}}, "app/shared/formatters.py": {"executed_lines": [1, 10, 11, 12, 13, 14, 17, 18, 25, 26, 41, 46, 47, 62, 64, 65, 85, 86, 91, 92, 99, 105, 106, 107, 109, 110, 130, 131, 156, 157, 169, 170, 182, 192, 193, 195, 198, 200, 201, 218, 219, 238, 239, 241, 246, 247, 272, 273, 278, 279, 280, 282], "summary": {"covered_lines": 50, "num_statements": 57, "percent_covered": 87.71929824561404, "percent_covered_display": "88", "missing_lines": 7, "excluded_lines": 0}, "missing_lines": [122, 123, 125, 146, 167, 196, 213], "excluded_lines": [], "functions": {"EntityFormatters.formatar_carta": {"executed_lines": [41], "summary": {"covered_lines": 1, "num_statements": 1, "percent_covered": 100.0, "percent_covered_display": "100", "missing_lines": 0, "excluded_lines": 0}, "missing_lines": [], "excluded_lines": []}, "EntityFormatters.formatar_cartas": {"executed_lines": [62], "summary": {"covered_lines": 1, "num_statements": 1, "percent_covered": 100.0, "percent_covered_display": "100", "missing_lines": 0, "excluded_lines": 0}, "missing_lines": [], "excluded_lines": []}, "EntityFormatters.formatar_bilhete": {"executed_lines": [85, 86, 91, 92, 99, 105, 106, 107], "summary": {"covered_lines": 8, "num_statements": 8, "percent_covered": 100.0, "percent_covered_display": "100", "missing_lines": 0, "excluded_lines": 0}, "missing_lines": [], "excluded_lines": []}, "EntityFormatters.formatar_bilhetes": {"executed_lines": [], "summary": {"covered_lines": 0, "num_statements": 3, "percent_covered": 0.0, "percent_covered_display": "0", "missing_lines": 3, "excluded_lines": 0}, "missing_lines": [122, 123, 125], "excluded_lines": []}, "EntityFormatters.formatar_rota": {"executed_lines": [], "summary": {"covered_lines": 0, "num_statements": 1, "percent_covered": 0.0, "percent_covered_display": "0", "missing_lines": 1, "excluded_lines": 0}, "missing_lines": [146], "excluded_lines": []}, "EntityFormatters.formatar_rotas": {"executed_lines": [], "summary": {"covered_lines": 0, "num_statements": 1, "percent_covered": 0.0, "percent_covered_display": "0", "missing_lines": 1, "excluded_lines": 0}, "missing_lines": [167], "excluded_lines": []}, "EntityFormatters.formatar_jogador": {"executed_lines": [182, 192, 193, 195, 198], "summary": {"covered_lines": 5, "num_statements": 6, "percent_covered": 83.33333333333333, "percent_covered_display": "83", "missing_lines": 1, "excluded_lines": 0}, "missing_lines": [196], "excluded_lines": []}, "EntityFormatters.formatar_jogadores": {"executed_lines": [], "summary": {"covered_lines": 0, "num_statements": 1, "percent_covered": 0.0, "percent_covered_display": "0", "missing_lines": 1, "excluded_lines": 0}, "missing_lines": [213], "excluded_lines": []}, "EntityFormatters.formatar_rotas_bilhetes": {"executed_lines": [238, 239, 241], "summary": {"covered_lines": 3, "num_statements": 3, "percent_covered": 100.0, "percent_covered_display": "100", "missing_lines": 0, "excluded_lines": 0}, "missing_lines": [], "excluded_lines": []}, "EntityFormatters.criar_mensagem_compra_bilhetes": {"executed_lines": [272, 273, 278, 279, 280, 282], "summary": {"covered_lines": 6, "num_statements": 6, "percent_covered": 100.0, "percent_covered_display": "100", "missing_lines": 0, "excluded_lines": 0}, "missing_lines": [], "excluded_lines": []}, "": {"executed_lines": [1, 10, 11, 12, 13, 14, 17, 18, 25, 26, 46, 47, 64, 65, 109, 110, 130, 131, 156, 157, 169, 170, 200, 201, 218, 219, 246, 247], "summary": {"covered_lines": 26, "num_statements": 26, "percent_covered": 100.0, "percent_covered_display": "100", "missing_lines": 0, "excluded_lines": 0}, "missing_lines": [], "excluded_lines": []}}, "classes": {"EntityFormatters": {"executed_lines": [41, 62, 85, 86, 91, 92, 99, 105, 106, 107, 182, 192, 193, 195, 198, 238, 239, 241, 272, 273, 278, 279, 280, 282], "summary": {"covered_lines": 24, "num_statements": 31, "percent_covered": 77.41935483870968, "percent_covered_display": "77", "missing_lines": 7, "excluded_lines": 0}, "missing_lines": [122, 123, 125, 146, 167, 196, 213], "excluded_lines": []}, "": {"executed_lines": [1, 10, 11, 12, 13, 14, 17, 18, 25, 26, 46, 47, 64, 65, 109, 110, 130, 131, 156, 157, 169, 170, 200, 201, 218, 219, 246, 247], "summary": {"covered_lines": 26, "num_statements": 26, "percent_covered": 100.0, "percent_covered_display": "100", "missing_lines": 0, "excluded_lines": 0}, "missing_lines": [], "excluded_lines": []}}}, "app/shared/persistence_decorator.py": {"executed_lines": [], "summary": {"covered_lines": 0, "num_statements": 28, "percent_covered": 0.0, "percent_covered_display": "0", "missing_lines": 28, "excluded_lines": 1}, "missing_lines": [38, 39, 40, 42, 44, 47, 83, 84, 86, 89, 90, 91, 94, 95, 96, 97, 98, 100, 104, 105, 106, 107, 108, 109, 110, 112, 117, 119], "excluded_lines": [48], "functions": {"auto_save_game": {"executed_lines": [], "summary": {"covered_lines": 0, "num_statements": 3, "percent_covered": 0.0, "percent_covered_display": "0", "missing_lines": 3, "excluded_lines": 1}, "missing_lines": [83, 84, 119], "excluded_lines": [48]}, "auto_save_game.wrapper": {"executed_lines": [], "summary": {"covered_lines": 0, "num_statements": 19, "percent_covered": 0.0, "percent_covered_display": "0", "missing_lines": 19, "excluded_lines": 0}, "missing_lines": [86, 89, 90, 91, 94, 95, 96, 97, 98, 100, 104, 105, 106, 107, 108, 109, 110, 112, 117], "excluded_lines": []}, "": {"executed_lines": [], "summary": {"covered_lines": 0, "num_statements": 6, "percent_covered": 0.0, "percent_covered_display": "0", "missing_lines": 6, "excluded_lines": 0}, "missing_lines": [38, 39, 40, 42, 44, 47], "excluded_lines": []}}, "classes": {"": {"executed_lines": [], "summary": {"covered_lines": 0, "num_statements": 28, "percent_covered": 0.0, "percent_covered_display": "0", "missing_lines": 28, "excluded_lines": 1}, "missing_lines": [38, 39, 40, 42, 44, 47, 83, 84, 86, 89, 90, 91, 94, 95, 96, 97, 98, 100, 104, 105, 106, 107, 108, 109, 110, 112, 117, 119], "excluded_lines": [48]}}}, "app/shared/request_context.py": {"executed_lines": [1, 8, 9, 11, 12, 13, 14, 21, 22, 23, 37, 38, 39, 42, 43, 44, 58, 59, 66, 76, 83, 95], "summary": {"covered_lines": 19, "num_statements": 19, "percent_covered": 100.0, "percent_covered_display": "100", "missing_lines": 0, "excluded_lines": 2}, "missing_lines": [], "excluded_lines": [23, 44], "functions": {"get_game_context": {"executed_lines": [76], "summary": {"covered_lines": 1, "num_statements": 1, "percent_covered": 100.0, "percent_covered_display": "100", "missing_lines": 0, "excluded_lines": 0}, "missing_lines": [], "excluded_lines": []}, "get_player_context": {"executed_lines": [95], "summary": {"covered_lines": 1, "num_statements": 1, "percent_covered": 100.0, "percent_covered_display": "100", "missing_lines": 0, "excluded_lines": 0}, "missing_lines": [], "excluded_lines": []}, "": {"executed_lines": [1, 8, 9, 11, 12, 13, 14, 21, 22, 23, 37, 38, 39, 42, 43, 44, 58, 59, 66, 83], "summary": {"covered_lines": 17, "num_statements": 17, "percent_covered": 100.0, "percent_covered_display": "100", "missing_lines": 0, "excluded_lines": 2}, "missing_lines": [], "excluded_lines": [23, 44]}}, "classes": {"GameRequestContext": {"executed_lines": [], "summary": {"covered_lines": 0, "num_statements": 0, "percent_covered": 100.0, "percent_covered_display": "100", "missing_lines": 0, "excluded_lines": 0}, "missing_lines": [], "excluded_lines": []}, "PlayerRequestContext": {"executed_lines": [], "summary": {"covered_lines": 0, "num_statements": 0, "percent_covered": 100.0, "percent_covered_display": "100", "missing_lines": 0, "excluded_lines": 0}, "missing_lines": [], "excluded_lines": []}, "": {"executed_lines": [1, 8, 9, 11, 12, 13, 14, 21, 22, 23, 37, 38, 39, 42, 43, 44, 58, 59, 66, 76, 83, 95], "summary": {"covered_lines": 19, "num_statements": 19, "percent_covered": 100.0, "percent_covered_display": "100", "missing_lines": 0, "excluded_lines": 2}, "missing_lines": [], "excluded_lines": [23, 44]}}}, "app/shared/response_assembler.py": {"executed_lines": [1, 13, 14, 15, 16, 19, 20, 27, 28, 80, 81, 124, 125, 189, 190, 191, 207, 219, 228], "summary": {"covered_lines": 17, "num_statements": 57, "percent_covered": 29.82456140350877, "percent_covered_display": "30", "missing_lines": 40, "excluded_lines": 0}, "missing_lines": [47, 48, 49, 52, 53, 54, 60, 61, 62, 65, 66, 67, 71, 97, 98, 99, 101, 102, 105, 106, 107, 109, 111, 112, 114, 116, 150, 161, 162, 165, 166, 168, 171, 172, 173, 177, 179, 185, 187, 208], "excluded_lines": [], "functions": {"ResponseAssembler.montar_estado_jogo_completo": {"executed_lines": [], "summary": {"covered_lines": 0, "num_statements": 13, "percent_covered": 0.0, "percent_covered_display": "0", "missing_lines": 13, "excluded_lines": 0}, "missing_lines": [47, 48, 49, 52, 53, 54, 60, 61, 62, 65, 66, 67, 71], "excluded_lines": []}, "ResponseAssembler.montar_painel_rotas": {"executed_lines": [], "summary": {"covered_lines": 0, "num_statements": 13, "percent_covered": 0.0, "percent_covered_display": "0", "missing_lines": 13, "excluded_lines": 0}, "missing_lines": [97, 98, 99, 101, 102, 105, 106, 107, 109, 111, 112, 114, 116], "excluded_lines": []}, "ResponseAssembler.montar_mao_jogador": {"executed_lines": [], "summary": {"covered_lines": 0, "num_statements": 13, "percent_covered": 0.0, "percent_covered_display": "0", "missing_lines": 13, "excluded_lines": 0}, "missing_lines": [150, 161, 162, 165, 166, 168, 171, 172, 173, 177, 179, 185, 187], "excluded_lines": []}, "ResponseAssembler.montar_criacao_jogo": {"executed_lines": [207, 219, 228], "summary": {"covered_lines": 3, "num_statements": 4, "percent_covered": 75.0, "percent_covered_display": "75", "missing_lines": 1, "excluded_lines": 0}, "missing_lines": [208], "excluded_lines": []}, "": {"executed_lines": [1, 13, 14, 15, 16, 19, 20, 27, 28, 80, 81, 124, 125, 189, 190, 191], "summary": {"covered_lines": 14, "num_statements": 14, "percent_covered": 100.0, "percent_covered_display": "100", "missing_lines": 0, "excluded_lines": 0}, "missing_lines": [], "excluded_lines": []}}, "classes": {"ResponseAssembler": {"executed_lines": [207, 219, 228], "summary": {"covered_lines": 3, "num_statements": 43, "percent_covered": 6.976744186046512, "percent_covered_display": "7", "missing_lines": 40, "excluded_lines": 0}, "missing_lines": [47, 48, 49, 52, 53, 54, 60, 61, 62, 65, 66, 67, 71, 97, 98, 99, 101, 102, 105, 106, 107, 109, 111, 112, 114, 116, 150, 161, 162, 165, 166, 168, 171, 172, 173, 177, 179, 185, 187, 208], "excluded_lines": []}, "": {"executed_lines": [1, 13, 14, 15, 16, 19, 20, 27, 28, 80, 81, 124, 125, 189, 190, 191], "summary": {"covered_lines": 14, "num_statements": 14, "percent_covered": 100.0, "percent_covered_display": "100", "missing_lines": 0, "excluded_lines": 0}, "missing_lines": [], "excluded_lines": []}}}, "app/shared/response_builder.py": {"executed_lines": [1, 27, 30, 31, 52, 53, 90, 91, 113, 118, 121, 124, 126, 127, 184, 195, 196, 198], "summary": {"covered_lines": 16, "num_statements": 24, "percent_covered": 66.66666666666667, "percent_covered_display": "67", "missing_lines": 8, "excluded_lines": 0}, "missing_lines": [75, 81, 82, 85, 86, 88, 119, 122], "excluded_lines": [], "functions": {"ResponseBuilder.success": {"executed_lines": [], "summary": {"covered_lines": 0, "num_statements": 6, "percent_covered": 0.0, "percent_covered_display": "0", "missing_lines": 6, "excluded_lines": 0}, "missing_lines": [75, 81, 82, 85, 86, 88], "excluded_lines": []}, "ResponseBuilder.error": {"executed_lines": [113, 118, 121, 124], "summary": {"covered_lines": 4, "num_statements": 6, "percent_covered": 66.66666666666667, "percent_covered_display": "67", "missing_lines": 2, "excluded_lines": 0}, "missing_lines": [119, 122], "excluded_lines": []}, "ResponseBuilder.success_with_turn": {"executed_lines": [184, 195, 196, 198], "summary": {"covered_lines": 4, "num_statements": 4, "percent_covered": 100.0, "percent_covered_display": "100", "missing_lines": 0, "excluded_lines": 0}, "missing_lines": [], "excluded_lines": []}, "": {"executed_lines": [1, 27, 30, 31, 52, 53, 90, 91, 126, 127], "summary": {"covered_lines": 8, "num_statements": 8, "percent_covered": 100.0, "percent_covered_display": "100", "missing_lines": 0, "excluded_lines": 0}, "missing_lines": [], "excluded_lines": []}}, "classes": {"ResponseBuilder": {"executed_lines": [113, 118, 121, 124, 184, 195, 196, 198], "summary": {"covered_lines": 8, "num_statements": 16, "percent_covered": 50.0, "percent_covered_display": "50", "missing_lines": 8, "excluded_lines": 0}, "missing_lines": [75, 81, 82, 85, 86, 88, 119, 122], "excluded_lines": []}, "": {"executed_lines": [1, 27, 30, 31, 52, 53, 90, 91, 126, 127], "summary": {"covered_lines": 8, "num_statements": 8, "percent_covered": 100.0, "percent_covered_display": "100", "missing_lines": 0, "excluded_lines": 0}, "missing_lines": [], "excluded_lines": []}}}, "app/shared/validators.py": {"executed_lines": [1, 15, 16, 18, 23, 24, 26, 27, 54, 55, 80, 81], "summary": {"covered_lines": 9, "num_statements": 22, "percent_covered": 40.90909090909091, "percent_covered_display": "41", "missing_lines": 13, "excluded_lines": 3}, "missing_lines": [41, 46, 47, 52, 71, 72, 99, 100, 105, 106, 114, 115, 116], "excluded_lines": [18, 19, 20], "functions": {"GameValidators.buscar_rota": {"executed_lines": [], "summary": {"covered_lines": 0, "num_statements": 4, "percent_covered": 0.0, "percent_covered_display": "0", "missing_lines": 4, "excluded_lines": 0}, "missing_lines": [41, 46, 47, 52], "excluded_lines": []}, "GameValidators.validar_indice": {"executed_lines": [], "summary": {"covered_lines": 0, "num_statements": 2, "percent_covered": 0.0, "percent_covered_display": "0", "missing_lines": 2, "excluded_lines": 0}, "missing_lines": [71, 72], "excluded_lines": []}, "GameValidators.validar_indices": {"executed_lines": [], "summary": {"covered_lines": 0, "num_statements": 7, "percent_covered": 0.0, "percent_covered_display": "0", "missing_lines": 7, "excluded_lines": 0}, "missing_lines": [99, 100, 105, 106, 114, 115, 116], "excluded_lines": []}, "": {"executed_lines": [1, 15, 16, 18, 23, 24, 26, 27, 54, 55, 80, 81], "summary": {"covered_lines": 9, "num_statements": 9, "percent_covered": 100.0, "percent_covered_display": "100", "missing_lines": 0, "excluded_lines": 3}, "missing_lines": [], "excluded_lines": [18, 19, 20]}}, "classes": {"GameValidators": {"executed_lines": [], "summary": {"covered_lines": 0, "num_statements": 13, "percent_covered": 0.0, "percent_covered_display": "0", "missing_lines": 13, "excluded_lines": 0}, "missing_lines": [41, 46, 47, 52, 71, 72, 99, 100, 105, 106, 114, 115, 116], "excluded_lines": []}, "": {"executed_lines": [1, 15, 16, 18, 23, 24, 26, 27, 54, 55, 80, 81], "summary": {"covered_lines": 9, "num_statements": 9, "percent_covered": 100.0, "percent_covered_display": "100", "missing_lines": 0, "excluded_lines": 3}, "missing_lines": [], "excluded_lines": [18, 19, 20]}}}}, "totals": {"covered_lines": 1116, "num_statements": 2325, "percent_covered": 48.0, "percent_covered_display": "48", "missing_lines": 1209, "excluded_lines": 22}}